<?xml version="1.0" encoding="UTF-8"?>
<testsuite xmlns:xsi="http://www.w3.org/2001/XMLSchema-instance" xsi:noNamespaceSchemaLocation="https://maven.apache.org/surefire/maven-surefire-plugin/xsd/surefire-test-report-3.0.xsd" version="3.0" name="TestSuite" time="78.362" tests="10" errors="0" skipped="0" failures="1">
  <properties>
    <property name="sun.desktop" value="windows"/>
    <property name="awt.toolkit" value="sun.awt.windows.WToolkit"/>
    <property name="java.specification.version" value="11"/>
    <property name="sun.cpu.isalist" value="amd64"/>
    <property name="sun.jnu.encoding" value="Cp1252"/>
    <property name="java.class.path" value="C:\Users\2457221\eclipse-workspace\Framework-selenium-java-testng2\target\test-classes;C:\Users\2457221\eclipse-workspace\Framework-selenium-java-testng2\target\classes;C:\Users\2457221\.m2\repository\io\cucumber\cucumber-java\7.13.0\cucumber-java-7.13.0.jar;C:\Users\2457221\.m2\repository\io\cucumber\cucumber-core\7.13.0\cucumber-core-7.13.0.jar;C:\Users\2457221\.m2\repository\io\cucumber\cucumber-gherkin\7.13.0\cucumber-gherkin-7.13.0.jar;C:\Users\2457221\.m2\repository\io\cucumber\cucumber-gherkin-messages\7.13.0\cucumber-gherkin-messages-7.13.0.jar;C:\Users\2457221\.m2\repository\io\cucumber\gherkin\26.2.0\gherkin-26.2.0.jar;C:\Users\2457221\.m2\repository\io\cucumber\messages\22.0.0\messages-22.0.0.jar;C:\Users\2457221\.m2\repository\io\cucumber\tag-expressions\5.0.1\tag-expressions-5.0.1.jar;C:\Users\2457221\.m2\repository\io\cucumber\cucumber-expressions\16.1.2\cucumber-expressions-16.1.2.jar;C:\Users\2457221\.m2\repository\io\cucumber\datatable\7.13.0\datatable-7.13.0.jar;C:\Users\2457221\.m2\repository\io\cucumber\cucumber-plugin\7.13.0\cucumber-plugin-7.13.0.jar;C:\Users\2457221\.m2\repository\io\cucumber\docstring\7.13.0\docstring-7.13.0.jar;C:\Users\2457221\.m2\repository\io\cucumber\html-formatter\20.3.1\html-formatter-20.3.1.jar;C:\Users\2457221\.m2\repository\io\cucumber\junit-xml-formatter\0.2.0\junit-xml-formatter-0.2.0.jar;C:\Users\2457221\.m2\repository\io\cucumber\ci-environment\9.2.0\ci-environment-9.2.0.jar;C:\Users\2457221\.m2\repository\org\apiguardian\apiguardian-api\1.1.2\apiguardian-api-1.1.2.jar;C:\Users\2457221\.m2\repository\org\testng\testng\7.8.0\testng-7.8.0.jar;C:\Users\2457221\.m2\repository\org\slf4j\slf4j-api\1.7.36\slf4j-api-1.7.36.jar;C:\Users\2457221\.m2\repository\com\beust\jcommander\1.82\jcommander-1.82.jar;C:\Users\2457221\.m2\repository\org\webjars\jquery\3.6.1\jquery-3.6.1.jar;C:\Users\2457221\.m2\repository\io\cucumber\cucumber-testng\7.13.0\cucumber-testng-7.13.0.jar;C:\Users\2457221\.m2\repository\org\seleniumhq\selenium\selenium-java\4.11.0\selenium-java-4.11.0.jar;C:\Users\2457221\.m2\repository\org\seleniumhq\selenium\selenium-api\4.11.0\selenium-api-4.11.0.jar;C:\Users\2457221\.m2\repository\org\seleniumhq\selenium\selenium-chrome-driver\4.11.0\selenium-chrome-driver-4.11.0.jar;C:\Users\2457221\.m2\repository\com\google\auto\service\auto-service-annotations\1.0.1\auto-service-annotations-1.0.1.jar;C:\Users\2457221\.m2\repository\com\google\guava\guava\31.1-jre\guava-31.1-jre.jar;C:\Users\2457221\.m2\repository\com\google\guava\failureaccess\1.0.1\failureaccess-1.0.1.jar;C:\Users\2457221\.m2\repository\com\google\guava\listenablefuture\9999.0-empty-to-avoid-conflict-with-guava\listenablefuture-9999.0-empty-to-avoid-conflict-with-guava.jar;C:\Users\2457221\.m2\repository\com\google\code\findbugs\jsr305\3.0.2\jsr305-3.0.2.jar;C:\Users\2457221\.m2\repository\org\checkerframework\checker-qual\3.12.0\checker-qual-3.12.0.jar;C:\Users\2457221\.m2\repository\com\google\errorprone\error_prone_annotations\2.11.0\error_prone_annotations-2.11.0.jar;C:\Users\2457221\.m2\repository\com\google\j2objc\j2objc-annotations\1.3\j2objc-annotations-1.3.jar;C:\Users\2457221\.m2\repository\org\seleniumhq\selenium\selenium-chromium-driver\4.11.0\selenium-chromium-driver-4.11.0.jar;C:\Users\2457221\.m2\repository\org\seleniumhq\selenium\selenium-json\4.11.0\selenium-json-4.11.0.jar;C:\Users\2457221\.m2\repository\org\seleniumhq\selenium\selenium-manager\4.11.0\selenium-manager-4.11.0.jar;C:\Users\2457221\.m2\repository\org\seleniumhq\selenium\selenium-devtools-v113\4.11.0\selenium-devtools-v113-4.11.0.jar;C:\Users\2457221\.m2\repository\org\seleniumhq\selenium\selenium-devtools-v114\4.11.0\selenium-devtools-v114-4.11.0.jar;C:\Users\2457221\.m2\repository\org\seleniumhq\selenium\selenium-devtools-v115\4.11.0\selenium-devtools-v115-4.11.0.jar;C:\Users\2457221\.m2\repository\org\seleniumhq\selenium\selenium-devtools-v85\4.11.0\selenium-devtools-v85-4.11.0.jar;C:\Users\2457221\.m2\repository\org\seleniumhq\selenium\selenium-edge-driver\4.11.0\selenium-edge-driver-4.11.0.jar;C:\Users\2457221\.m2\repository\org\seleniumhq\selenium\selenium-firefox-driver\4.11.0\selenium-firefox-driver-4.11.0.jar;C:\Users\2457221\.m2\repository\org\seleniumhq\selenium\selenium-http\4.11.0\selenium-http-4.11.0.jar;C:\Users\2457221\.m2\repository\dev\failsafe\failsafe\3.3.1\failsafe-3.3.1.jar;C:\Users\2457221\.m2\repository\org\seleniumhq\selenium\selenium-ie-driver\4.11.0\selenium-ie-driver-4.11.0.jar;C:\Users\2457221\.m2\repository\org\seleniumhq\selenium\selenium-remote-driver\4.11.0\selenium-remote-driver-4.11.0.jar;C:\Users\2457221\.m2\repository\io\netty\netty-buffer\4.1.92.Final\netty-buffer-4.1.92.Final.jar;C:\Users\2457221\.m2\repository\io\netty\netty-codec-http\4.1.92.Final\netty-codec-http-4.1.92.Final.jar;C:\Users\2457221\.m2\repository\io\netty\netty-codec\4.1.92.Final\netty-codec-4.1.92.Final.jar;C:\Users\2457221\.m2\repository\io\netty\netty-handler\4.1.92.Final\netty-handler-4.1.92.Final.jar;C:\Users\2457221\.m2\repository\io\netty\netty-common\4.1.92.Final\netty-common-4.1.92.Final.jar;C:\Users\2457221\.m2\repository\io\netty\netty-transport-classes-epoll\4.1.92.Final\netty-transport-classes-epoll-4.1.92.Final.jar;C:\Users\2457221\.m2\repository\io\netty\netty-transport-classes-kqueue\4.1.92.Final\netty-transport-classes-kqueue-4.1.92.Final.jar;C:\Users\2457221\.m2\repository\io\netty\netty-transport-native-epoll\4.1.92.Final\netty-transport-native-epoll-4.1.92.Final.jar;C:\Users\2457221\.m2\repository\io\netty\netty-transport-native-kqueue\4.1.92.Final\netty-transport-native-kqueue-4.1.92.Final.jar;C:\Users\2457221\.m2\repository\io\netty\netty-transport-native-unix-common\4.1.92.Final\netty-transport-native-unix-common-4.1.92.Final.jar;C:\Users\2457221\.m2\repository\io\netty\netty-transport\4.1.92.Final\netty-transport-4.1.92.Final.jar;C:\Users\2457221\.m2\repository\io\netty\netty-resolver\4.1.92.Final\netty-resolver-4.1.92.Final.jar;C:\Users\2457221\.m2\repository\io\opentelemetry\opentelemetry-api\1.26.0\opentelemetry-api-1.26.0.jar;C:\Users\2457221\.m2\repository\io\opentelemetry\opentelemetry-context\1.26.0\opentelemetry-context-1.26.0.jar;C:\Users\2457221\.m2\repository\io\opentelemetry\opentelemetry-exporter-logging\1.26.0\opentelemetry-exporter-logging-1.26.0.jar;C:\Users\2457221\.m2\repository\io\opentelemetry\opentelemetry-sdk-metrics\1.26.0\opentelemetry-sdk-metrics-1.26.0.jar;C:\Users\2457221\.m2\repository\io\opentelemetry\opentelemetry-extension-incubator\1.26.0-alpha\opentelemetry-extension-incubator-1.26.0-alpha.jar;C:\Users\2457221\.m2\repository\io\opentelemetry\opentelemetry-sdk-logs\1.26.0-alpha\opentelemetry-sdk-logs-1.26.0-alpha.jar;C:\Users\2457221\.m2\repository\io\opentelemetry\opentelemetry-api-logs\1.26.0-alpha\opentelemetry-api-logs-1.26.0-alpha.jar;C:\Users\2457221\.m2\repository\io\opentelemetry\opentelemetry-api-events\1.26.0-alpha\opentelemetry-api-events-1.26.0-alpha.jar;C:\Users\2457221\.m2\repository\io\opentelemetry\opentelemetry-sdk-common\1.26.0\opentelemetry-sdk-common-1.26.0.jar;C:\Users\2457221\.m2\repository\io\opentelemetry\opentelemetry-sdk-extension-autoconfigure-spi\1.26.0\opentelemetry-sdk-extension-autoconfigure-spi-1.26.0.jar;C:\Users\2457221\.m2\repository\io\opentelemetry\opentelemetry-sdk-extension-autoconfigure\1.26.0-alpha\opentelemetry-sdk-extension-autoconfigure-1.26.0-alpha.jar;C:\Users\2457221\.m2\repository\io\opentelemetry\opentelemetry-sdk-trace\1.26.0\opentelemetry-sdk-trace-1.26.0.jar;C:\Users\2457221\.m2\repository\io\opentelemetry\opentelemetry-sdk\1.26.0\opentelemetry-sdk-1.26.0.jar;C:\Users\2457221\.m2\repository\io\opentelemetry\opentelemetry-semconv\1.26.0-alpha\opentelemetry-semconv-1.26.0-alpha.jar;C:\Users\2457221\.m2\repository\net\bytebuddy\byte-buddy\1.14.4\byte-buddy-1.14.4.jar;C:\Users\2457221\.m2\repository\org\apache\commons\commons-exec\1.3\commons-exec-1.3.jar;C:\Users\2457221\.m2\repository\org\asynchttpclient\async-http-client\2.12.3\async-http-client-2.12.3.jar;C:\Users\2457221\.m2\repository\org\asynchttpclient\async-http-client-netty-utils\2.12.3\async-http-client-netty-utils-2.12.3.jar;C:\Users\2457221\.m2\repository\io\netty\netty-codec-socks\4.1.60.Final\netty-codec-socks-4.1.60.Final.jar;C:\Users\2457221\.m2\repository\io\netty\netty-handler-proxy\4.1.60.Final\netty-handler-proxy-4.1.60.Final.jar;C:\Users\2457221\.m2\repository\io\netty\netty-transport-native-epoll\4.1.60.Final\netty-transport-native-epoll-4.1.60.Final-linux-x86_64.jar;C:\Users\2457221\.m2\repository\io\netty\netty-transport-native-kqueue\4.1.60.Final\netty-transport-native-kqueue-4.1.60.Final-osx-x86_64.jar;C:\Users\2457221\.m2\repository\org\reactivestreams\reactive-streams\1.0.3\reactive-streams-1.0.3.jar;C:\Users\2457221\.m2\repository\com\typesafe\netty\netty-reactive-streams\2.0.4\netty-reactive-streams-2.0.4.jar;C:\Users\2457221\.m2\repository\com\sun\activation\jakarta.activation\1.2.2\jakarta.activation-1.2.2.jar;C:\Users\2457221\.m2\repository\org\seleniumhq\selenium\selenium-safari-driver\4.11.0\selenium-safari-driver-4.11.0.jar;C:\Users\2457221\.m2\repository\org\seleniumhq\selenium\selenium-support\4.11.0\selenium-support-4.11.0.jar;C:\Users\2457221\.m2\repository\jaxen\jaxen\2.0.0\jaxen-2.0.0.jar;C:\Users\2457221\.m2\repository\org\dom4j\dom4j\2.1.4\dom4j-2.1.4.jar;C:\Users\2457221\.m2\repository\org\apache\maven\plugins\maven-dependency-plugin\3.6.0\maven-dependency-plugin-3.6.0.jar;C:\Users\2457221\.m2\repository\org\apache\maven\doxia\doxia-sink-api\1.11.1\doxia-sink-api-1.11.1.jar;C:\Users\2457221\.m2\repository\org\apache\maven\doxia\doxia-logging-api\1.11.1\doxia-logging-api-1.11.1.jar;C:\Users\2457221\.m2\repository\org\apache\maven\reporting\maven-reporting-api\3.1.1\maven-reporting-api-3.1.1.jar;C:\Users\2457221\.m2\repository\org\apache\maven\reporting\maven-reporting-impl\3.2.0\maven-reporting-impl-3.2.0.jar;C:\Users\2457221\.m2\repository\org\apache\maven\maven-core\3.1.0\maven-core-3.1.0.jar;C:\Users\2457221\.m2\repository\org\apache\maven\maven-settings\3.1.0\maven-settings-3.1.0.jar;C:\Users\2457221\.m2\repository\org\apache\maven\maven-settings-builder\3.1.0\maven-settings-builder-3.1.0.jar;C:\Users\2457221\.m2\repository\org\apache\maven\maven-repository-metadata\3.1.0\maven-repository-metadata-3.1.0.jar;C:\Users\2457221\.m2\repository\org\apache\maven\maven-model-builder\3.1.0\maven-model-builder-3.1.0.jar;C:\Users\2457221\.m2\repository\org\apache\maven\maven-aether-provider\3.1.0\maven-aether-provider-3.1.0.jar;C:\Users\2457221\.m2\repository\org\eclipse\aether\aether-spi\0.9.0.M2\aether-spi-0.9.0.M2.jar;C:\Users\2457221\.m2\repository\org\eclipse\aether\aether-impl\0.9.0.M2\aether-impl-0.9.0.M2.jar;C:\Users\2457221\.m2\repository\org\eclipse\aether\aether-api\0.9.0.M2\aether-api-0.9.0.M2.jar;C:\Users\2457221\.m2\repository\org\eclipse\sisu\org.eclipse.sisu.plexus\0.0.0.M2a\org.eclipse.sisu.plexus-0.0.0.M2a.jar;C:\Users\2457221\.m2\repository\javax\enterprise\cdi-api\1.0\cdi-api-1.0.jar;C:\Users\2457221\.m2\repository\javax\annotation\jsr250-api\1.0\jsr250-api-1.0.jar;C:\Users\2457221\.m2\repository\org\sonatype\sisu\sisu-guice\3.1.0\sisu-guice-3.1.0-no_aop.jar;C:\Users\2457221\.m2\repository\aopalliance\aopalliance\1.0\aopalliance-1.0.jar;C:\Users\2457221\.m2\repository\org\eclipse\sisu\org.eclipse.sisu.inject\0.0.0.M2a\org.eclipse.sisu.inject-0.0.0.M2a.jar;C:\Users\2457221\.m2\repository\asm\asm\3.3.1\asm-3.3.1.jar;C:\Users\2457221\.m2\repository\org\codehaus\plexus\plexus-interpolation\1.16\plexus-interpolation-1.16.jar;C:\Users\2457221\.m2\repository\org\codehaus\plexus\plexus-classworlds\2.4.2\plexus-classworlds-2.4.2.jar;C:\Users\2457221\.m2\repository\org\sonatype\plexus\plexus-sec-dispatcher\1.3\plexus-sec-dispatcher-1.3.jar;C:\Users\2457221\.m2\repository\org\sonatype\plexus\plexus-cipher\1.4\plexus-cipher-1.4.jar;C:\Users\2457221\.m2\repository\org\apache\maven\maven-artifact\3.1.0\maven-artifact-3.1.0.jar;C:\Users\2457221\.m2\repository\org\apache\maven\maven-plugin-api\3.1.0\maven-plugin-api-3.1.0.jar;C:\Users\2457221\.m2\repository\org\apache\maven\doxia\doxia-decoration-model\1.11.1\doxia-decoration-model-1.11.1.jar;C:\Users\2457221\.m2\repository\org\apache\maven\doxia\doxia-core\1.11.1\doxia-core-1.11.1.jar;C:\Users\2457221\.m2\repository\org\apache\httpcomponents\httpclient\4.5.13\httpclient-4.5.13.jar;C:\Users\2457221\.m2\repository\commons-codec\commons-codec\1.11\commons-codec-1.11.jar;C:\Users\2457221\.m2\repository\org\apache\httpcomponents\httpcore\4.4.14\httpcore-4.4.14.jar;C:\Users\2457221\.m2\repository\org\apache\maven\doxia\doxia-integration-tools\1.11.1\doxia-integration-tools-1.11.1.jar;C:\Users\2457221\.m2\repository\org\apache\maven\doxia\doxia-site-renderer\1.11.1\doxia-site-renderer-1.11.1.jar;C:\Users\2457221\.m2\repository\org\apache\maven\doxia\doxia-skin-model\1.11.1\doxia-skin-model-1.11.1.jar;C:\Users\2457221\.m2\repository\org\apache\maven\doxia\doxia-module-xhtml\1.11.1\doxia-module-xhtml-1.11.1.jar;C:\Users\2457221\.m2\repository\org\apache\maven\doxia\doxia-module-xhtml5\1.11.1\doxia-module-xhtml5-1.11.1.jar;C:\Users\2457221\.m2\repository\org\codehaus\plexus\plexus-velocity\1.2\plexus-velocity-1.2.jar;C:\Users\2457221\.m2\repository\org\apache\velocity\velocity\1.7\velocity-1.7.jar;C:\Users\2457221\.m2\repository\org\apache\velocity\velocity-tools\2.0\velocity-tools-2.0.jar;C:\Users\2457221\.m2\repository\commons-digester\commons-digester\1.8\commons-digester-1.8.jar;C:\Users\2457221\.m2\repository\commons-chain\commons-chain\1.1\commons-chain-1.1.jar;C:\Users\2457221\.m2\repository\dom4j\dom4j\1.1\dom4j-1.1.jar;C:\Users\2457221\.m2\repository\oro\oro\2.0.8\oro-2.0.8.jar;C:\Users\2457221\.m2\repository\commons-io\commons-io\2.11.0\commons-io-2.11.0.jar;C:\Users\2457221\.m2\repository\org\codehaus\plexus\plexus-archiver\4.7.1\plexus-archiver-4.7.1.jar;C:\Users\2457221\.m2\repository\javax\inject\javax.inject\1\javax.inject-1.jar;C:\Users\2457221\.m2\repository\org\apache\commons\commons-compress\1.23.0\commons-compress-1.23.0.jar;C:\Users\2457221\.m2\repository\org\iq80\snappy\snappy\0.4\snappy-0.4.jar;C:\Users\2457221\.m2\repository\org\tukaani\xz\1.9\xz-1.9.jar;C:\Users\2457221\.m2\repository\com\github\luben\zstd-jni\1.5.5-2\zstd-jni-1.5.5-2.jar;C:\Users\2457221\.m2\repository\org\codehaus\plexus\plexus-utils\3.5.1\plexus-utils-3.5.1.jar;C:\Users\2457221\.m2\repository\org\codehaus\plexus\plexus-io\3.4.1\plexus-io-3.4.1.jar;C:\Users\2457221\.m2\repository\org\codehaus\plexus\plexus-i18n\1.0-beta-10\plexus-i18n-1.0-beta-10.jar;C:\Users\2457221\.m2\repository\org\apache\maven\shared\maven-dependency-analyzer\1.13.2\maven-dependency-analyzer-1.13.2.jar;C:\Users\2457221\.m2\repository\org\apache\maven\maven-model\3.2.5\maven-model-3.2.5.jar;C:\Users\2457221\.m2\repository\org\ow2\asm\asm\9.5\asm-9.5.jar;C:\Users\2457221\.m2\repository\org\apache\maven\shared\maven-dependency-tree\3.2.1\maven-dependency-tree-3.2.1.jar;C:\Users\2457221\.m2\repository\org\eclipse\aether\aether-util\1.0.0.v20140518\aether-util-1.0.0.v20140518.jar;C:\Users\2457221\.m2\repository\org\apache\maven\shared\maven-common-artifact-filters\3.3.2\maven-common-artifact-filters-3.3.2.jar;C:\Users\2457221\.m2\repository\org\apache\maven\shared\maven-artifact-transfer\0.13.1\maven-artifact-transfer-0.13.1.jar;C:\Users\2457221\.m2\repository\org\codehaus\plexus\plexus-component-annotations\2.0.0\plexus-component-annotations-2.0.0.jar;C:\Users\2457221\.m2\repository\org\apache\maven\shared\maven-shared-utils\3.3.4\maven-shared-utils-3.3.4.jar;C:\Users\2457221\.m2\repository\org\apache\commons\commons-collections4\4.2\commons-collections4-4.2.jar;C:\Users\2457221\.m2\repository\org\apache\commons\commons-lang3\3.12.0\commons-lang3-3.12.0.jar;C:\Users\2457221\.m2\repository\org\sonatype\plexus\plexus-build-api\0.0.7\plexus-build-api-0.0.7.jar;C:\Users\2457221\.m2\repository\io\cucumber\cucumber-picocontainer\7.13.0\cucumber-picocontainer-7.13.0.jar;C:\Users\2457221\.m2\repository\org\picocontainer\picocontainer\2.15\picocontainer-2.15.jar;C:\Users\2457221\.m2\repository\org\apache\commons\commons-csv\1.10.0\commons-csv-1.10.0.jar;C:\Users\2457221\.m2\repository\com\opencsv\opencsv\5.8\opencsv-5.8.jar;C:\Users\2457221\.m2\repository\org\apache\commons\commons-text\1.10.0\commons-text-1.10.0.jar;C:\Users\2457221\.m2\repository\commons-beanutils\commons-beanutils\1.9.4\commons-beanutils-1.9.4.jar;C:\Users\2457221\.m2\repository\commons-logging\commons-logging\1.2\commons-logging-1.2.jar;C:\Users\2457221\.m2\repository\net\masterthought\cucumber-reporting\5.7.6\cucumber-reporting-5.7.6.jar;C:\Users\2457221\.m2\repository\com\fasterxml\jackson\core\jackson-databind\2.13.2.2\jackson-databind-2.13.2.2.jar;C:\Users\2457221\.m2\repository\com\fasterxml\jackson\core\jackson-annotations\2.13.2\jackson-annotations-2.13.2.jar;C:\Users\2457221\.m2\repository\com\fasterxml\jackson\core\jackson-core\2.13.2\jackson-core-2.13.2.jar;C:\Users\2457221\.m2\repository\com\fasterxml\jackson\datatype\jackson-datatype-jsr310\2.13.2\jackson-datatype-jsr310-2.13.2.jar;C:\Users\2457221\.m2\repository\org\apache\velocity\velocity-engine-core\2.3\velocity-engine-core-2.3.jar;C:\Users\2457221\.m2\repository\joda-time\joda-time\2.12.2\joda-time-2.12.2.jar;C:\Users\2457221\.m2\repository\org\jsoup\jsoup\1.16.1\jsoup-1.16.1.jar;C:\Users\2457221\.m2\repository\com\googlecode\owasp-java-html-sanitizer\owasp-java-html-sanitizer\20220608.1\owasp-java-html-sanitizer-20220608.1.jar;C:\Users\2457221\.m2\repository\commons-configuration\commons-configuration\1.10\commons-configuration-1.10.jar;C:\Users\2457221\.m2\repository\commons-lang\commons-lang\2.6\commons-lang-2.6.jar;C:\Users\2457221\.m2\repository\net\masterthought\maven-cucumber-reporting\5.7.6\maven-cucumber-reporting-5.7.6.jar;C:\Users\2457221\.m2\repository\commons-collections\commons-collections\3.2.2\commons-collections-3.2.2.jar;"/>
    <property name="java.vm.vendor" value="Oracle Corporation"/>
    <property name="sun.arch.data.model" value="64"/>
    <property name="user.variant" value=""/>
    <property name="java.vendor.url" value="http://java.oracle.com/"/>
    <property name="user.timezone" value="Asia/Calcutta"/>
    <property name="java.vm.specification.version" value="11"/>
    <property name="os.name" value="Windows 10"/>
    <property name="sun.java.launcher" value="SUN_STANDARD"/>
    <property name="user.country" value="US"/>
    <property name="sun.boot.library.path" value="C:\temp\jdk-11.0.2\bin"/>
    <property name="sun.java.command" value="C:\Users\2457221\AppData\Local\Temp\surefire311342654437560647\surefirebooter-20230826151856211_3.jar C:\Users\2457221\AppData\Local\Temp\surefire311342654437560647 2023-08-26T15-18-55_732-jvmRun1 surefire-20230826151856211_1tmp surefire_0-20230826151856211_2tmp"/>
    <property name="jdk.debug" value="release"/>
    <property name="surefire.test.class.path" value="C:\Users\2457221\eclipse-workspace\Framework-selenium-java-testng2\target\test-classes;C:\Users\2457221\eclipse-workspace\Framework-selenium-java-testng2\target\classes;C:\Users\2457221\.m2\repository\io\cucumber\cucumber-java\7.13.0\cucumber-java-7.13.0.jar;C:\Users\2457221\.m2\repository\io\cucumber\cucumber-core\7.13.0\cucumber-core-7.13.0.jar;C:\Users\2457221\.m2\repository\io\cucumber\cucumber-gherkin\7.13.0\cucumber-gherkin-7.13.0.jar;C:\Users\2457221\.m2\repository\io\cucumber\cucumber-gherkin-messages\7.13.0\cucumber-gherkin-messages-7.13.0.jar;C:\Users\2457221\.m2\repository\io\cucumber\gherkin\26.2.0\gherkin-26.2.0.jar;C:\Users\2457221\.m2\repository\io\cucumber\messages\22.0.0\messages-22.0.0.jar;C:\Users\2457221\.m2\repository\io\cucumber\tag-expressions\5.0.1\tag-expressions-5.0.1.jar;C:\Users\2457221\.m2\repository\io\cucumber\cucumber-expressions\16.1.2\cucumber-expressions-16.1.2.jar;C:\Users\2457221\.m2\repository\io\cucumber\datatable\7.13.0\datatable-7.13.0.jar;C:\Users\2457221\.m2\repository\io\cucumber\cucumber-plugin\7.13.0\cucumber-plugin-7.13.0.jar;C:\Users\2457221\.m2\repository\io\cucumber\docstring\7.13.0\docstring-7.13.0.jar;C:\Users\2457221\.m2\repository\io\cucumber\html-formatter\20.3.1\html-formatter-20.3.1.jar;C:\Users\2457221\.m2\repository\io\cucumber\junit-xml-formatter\0.2.0\junit-xml-formatter-0.2.0.jar;C:\Users\2457221\.m2\repository\io\cucumber\ci-environment\9.2.0\ci-environment-9.2.0.jar;C:\Users\2457221\.m2\repository\org\apiguardian\apiguardian-api\1.1.2\apiguardian-api-1.1.2.jar;C:\Users\2457221\.m2\repository\org\testng\testng\7.8.0\testng-7.8.0.jar;C:\Users\2457221\.m2\repository\org\slf4j\slf4j-api\1.7.36\slf4j-api-1.7.36.jar;C:\Users\2457221\.m2\repository\com\beust\jcommander\1.82\jcommander-1.82.jar;C:\Users\2457221\.m2\repository\org\webjars\jquery\3.6.1\jquery-3.6.1.jar;C:\Users\2457221\.m2\repository\io\cucumber\cucumber-testng\7.13.0\cucumber-testng-7.13.0.jar;C:\Users\2457221\.m2\repository\org\seleniumhq\selenium\selenium-java\4.11.0\selenium-java-4.11.0.jar;C:\Users\2457221\.m2\repository\org\seleniumhq\selenium\selenium-api\4.11.0\selenium-api-4.11.0.jar;C:\Users\2457221\.m2\repository\org\seleniumhq\selenium\selenium-chrome-driver\4.11.0\selenium-chrome-driver-4.11.0.jar;C:\Users\2457221\.m2\repository\com\google\auto\service\auto-service-annotations\1.0.1\auto-service-annotations-1.0.1.jar;C:\Users\2457221\.m2\repository\com\google\guava\guava\31.1-jre\guava-31.1-jre.jar;C:\Users\2457221\.m2\repository\com\google\guava\failureaccess\1.0.1\failureaccess-1.0.1.jar;C:\Users\2457221\.m2\repository\com\google\guava\listenablefuture\9999.0-empty-to-avoid-conflict-with-guava\listenablefuture-9999.0-empty-to-avoid-conflict-with-guava.jar;C:\Users\2457221\.m2\repository\com\google\code\findbugs\jsr305\3.0.2\jsr305-3.0.2.jar;C:\Users\2457221\.m2\repository\org\checkerframework\checker-qual\3.12.0\checker-qual-3.12.0.jar;C:\Users\2457221\.m2\repository\com\google\errorprone\error_prone_annotations\2.11.0\error_prone_annotations-2.11.0.jar;C:\Users\2457221\.m2\repository\com\google\j2objc\j2objc-annotations\1.3\j2objc-annotations-1.3.jar;C:\Users\2457221\.m2\repository\org\seleniumhq\selenium\selenium-chromium-driver\4.11.0\selenium-chromium-driver-4.11.0.jar;C:\Users\2457221\.m2\repository\org\seleniumhq\selenium\selenium-json\4.11.0\selenium-json-4.11.0.jar;C:\Users\2457221\.m2\repository\org\seleniumhq\selenium\selenium-manager\4.11.0\selenium-manager-4.11.0.jar;C:\Users\2457221\.m2\repository\org\seleniumhq\selenium\selenium-devtools-v113\4.11.0\selenium-devtools-v113-4.11.0.jar;C:\Users\2457221\.m2\repository\org\seleniumhq\selenium\selenium-devtools-v114\4.11.0\selenium-devtools-v114-4.11.0.jar;C:\Users\2457221\.m2\repository\org\seleniumhq\selenium\selenium-devtools-v115\4.11.0\selenium-devtools-v115-4.11.0.jar;C:\Users\2457221\.m2\repository\org\seleniumhq\selenium\selenium-devtools-v85\4.11.0\selenium-devtools-v85-4.11.0.jar;C:\Users\2457221\.m2\repository\org\seleniumhq\selenium\selenium-edge-driver\4.11.0\selenium-edge-driver-4.11.0.jar;C:\Users\2457221\.m2\repository\org\seleniumhq\selenium\selenium-firefox-driver\4.11.0\selenium-firefox-driver-4.11.0.jar;C:\Users\2457221\.m2\repository\org\seleniumhq\selenium\selenium-http\4.11.0\selenium-http-4.11.0.jar;C:\Users\2457221\.m2\repository\dev\failsafe\failsafe\3.3.1\failsafe-3.3.1.jar;C:\Users\2457221\.m2\repository\org\seleniumhq\selenium\selenium-ie-driver\4.11.0\selenium-ie-driver-4.11.0.jar;C:\Users\2457221\.m2\repository\org\seleniumhq\selenium\selenium-remote-driver\4.11.0\selenium-remote-driver-4.11.0.jar;C:\Users\2457221\.m2\repository\io\netty\netty-buffer\4.1.92.Final\netty-buffer-4.1.92.Final.jar;C:\Users\2457221\.m2\repository\io\netty\netty-codec-http\4.1.92.Final\netty-codec-http-4.1.92.Final.jar;C:\Users\2457221\.m2\repository\io\netty\netty-codec\4.1.92.Final\netty-codec-4.1.92.Final.jar;C:\Users\2457221\.m2\repository\io\netty\netty-handler\4.1.92.Final\netty-handler-4.1.92.Final.jar;C:\Users\2457221\.m2\repository\io\netty\netty-common\4.1.92.Final\netty-common-4.1.92.Final.jar;C:\Users\2457221\.m2\repository\io\netty\netty-transport-classes-epoll\4.1.92.Final\netty-transport-classes-epoll-4.1.92.Final.jar;C:\Users\2457221\.m2\repository\io\netty\netty-transport-classes-kqueue\4.1.92.Final\netty-transport-classes-kqueue-4.1.92.Final.jar;C:\Users\2457221\.m2\repository\io\netty\netty-transport-native-epoll\4.1.92.Final\netty-transport-native-epoll-4.1.92.Final.jar;C:\Users\2457221\.m2\repository\io\netty\netty-transport-native-kqueue\4.1.92.Final\netty-transport-native-kqueue-4.1.92.Final.jar;C:\Users\2457221\.m2\repository\io\netty\netty-transport-native-unix-common\4.1.92.Final\netty-transport-native-unix-common-4.1.92.Final.jar;C:\Users\2457221\.m2\repository\io\netty\netty-transport\4.1.92.Final\netty-transport-4.1.92.Final.jar;C:\Users\2457221\.m2\repository\io\netty\netty-resolver\4.1.92.Final\netty-resolver-4.1.92.Final.jar;C:\Users\2457221\.m2\repository\io\opentelemetry\opentelemetry-api\1.26.0\opentelemetry-api-1.26.0.jar;C:\Users\2457221\.m2\repository\io\opentelemetry\opentelemetry-context\1.26.0\opentelemetry-context-1.26.0.jar;C:\Users\2457221\.m2\repository\io\opentelemetry\opentelemetry-exporter-logging\1.26.0\opentelemetry-exporter-logging-1.26.0.jar;C:\Users\2457221\.m2\repository\io\opentelemetry\opentelemetry-sdk-metrics\1.26.0\opentelemetry-sdk-metrics-1.26.0.jar;C:\Users\2457221\.m2\repository\io\opentelemetry\opentelemetry-extension-incubator\1.26.0-alpha\opentelemetry-extension-incubator-1.26.0-alpha.jar;C:\Users\2457221\.m2\repository\io\opentelemetry\opentelemetry-sdk-logs\1.26.0-alpha\opentelemetry-sdk-logs-1.26.0-alpha.jar;C:\Users\2457221\.m2\repository\io\opentelemetry\opentelemetry-api-logs\1.26.0-alpha\opentelemetry-api-logs-1.26.0-alpha.jar;C:\Users\2457221\.m2\repository\io\opentelemetry\opentelemetry-api-events\1.26.0-alpha\opentelemetry-api-events-1.26.0-alpha.jar;C:\Users\2457221\.m2\repository\io\opentelemetry\opentelemetry-sdk-common\1.26.0\opentelemetry-sdk-common-1.26.0.jar;C:\Users\2457221\.m2\repository\io\opentelemetry\opentelemetry-sdk-extension-autoconfigure-spi\1.26.0\opentelemetry-sdk-extension-autoconfigure-spi-1.26.0.jar;C:\Users\2457221\.m2\repository\io\opentelemetry\opentelemetry-sdk-extension-autoconfigure\1.26.0-alpha\opentelemetry-sdk-extension-autoconfigure-1.26.0-alpha.jar;C:\Users\2457221\.m2\repository\io\opentelemetry\opentelemetry-sdk-trace\1.26.0\opentelemetry-sdk-trace-1.26.0.jar;C:\Users\2457221\.m2\repository\io\opentelemetry\opentelemetry-sdk\1.26.0\opentelemetry-sdk-1.26.0.jar;C:\Users\2457221\.m2\repository\io\opentelemetry\opentelemetry-semconv\1.26.0-alpha\opentelemetry-semconv-1.26.0-alpha.jar;C:\Users\2457221\.m2\repository\net\bytebuddy\byte-buddy\1.14.4\byte-buddy-1.14.4.jar;C:\Users\2457221\.m2\repository\org\apache\commons\commons-exec\1.3\commons-exec-1.3.jar;C:\Users\2457221\.m2\repository\org\asynchttpclient\async-http-client\2.12.3\async-http-client-2.12.3.jar;C:\Users\2457221\.m2\repository\org\asynchttpclient\async-http-client-netty-utils\2.12.3\async-http-client-netty-utils-2.12.3.jar;C:\Users\2457221\.m2\repository\io\netty\netty-codec-socks\4.1.60.Final\netty-codec-socks-4.1.60.Final.jar;C:\Users\2457221\.m2\repository\io\netty\netty-handler-proxy\4.1.60.Final\netty-handler-proxy-4.1.60.Final.jar;C:\Users\2457221\.m2\repository\io\netty\netty-transport-native-epoll\4.1.60.Final\netty-transport-native-epoll-4.1.60.Final-linux-x86_64.jar;C:\Users\2457221\.m2\repository\io\netty\netty-transport-native-kqueue\4.1.60.Final\netty-transport-native-kqueue-4.1.60.Final-osx-x86_64.jar;C:\Users\2457221\.m2\repository\org\reactivestreams\reactive-streams\1.0.3\reactive-streams-1.0.3.jar;C:\Users\2457221\.m2\repository\com\typesafe\netty\netty-reactive-streams\2.0.4\netty-reactive-streams-2.0.4.jar;C:\Users\2457221\.m2\repository\com\sun\activation\jakarta.activation\1.2.2\jakarta.activation-1.2.2.jar;C:\Users\2457221\.m2\repository\org\seleniumhq\selenium\selenium-safari-driver\4.11.0\selenium-safari-driver-4.11.0.jar;C:\Users\2457221\.m2\repository\org\seleniumhq\selenium\selenium-support\4.11.0\selenium-support-4.11.0.jar;C:\Users\2457221\.m2\repository\jaxen\jaxen\2.0.0\jaxen-2.0.0.jar;C:\Users\2457221\.m2\repository\org\dom4j\dom4j\2.1.4\dom4j-2.1.4.jar;C:\Users\2457221\.m2\repository\org\apache\maven\plugins\maven-dependency-plugin\3.6.0\maven-dependency-plugin-3.6.0.jar;C:\Users\2457221\.m2\repository\org\apache\maven\doxia\doxia-sink-api\1.11.1\doxia-sink-api-1.11.1.jar;C:\Users\2457221\.m2\repository\org\apache\maven\doxia\doxia-logging-api\1.11.1\doxia-logging-api-1.11.1.jar;C:\Users\2457221\.m2\repository\org\apache\maven\reporting\maven-reporting-api\3.1.1\maven-reporting-api-3.1.1.jar;C:\Users\2457221\.m2\repository\org\apache\maven\reporting\maven-reporting-impl\3.2.0\maven-reporting-impl-3.2.0.jar;C:\Users\2457221\.m2\repository\org\apache\maven\maven-core\3.1.0\maven-core-3.1.0.jar;C:\Users\2457221\.m2\repository\org\apache\maven\maven-settings\3.1.0\maven-settings-3.1.0.jar;C:\Users\2457221\.m2\repository\org\apache\maven\maven-settings-builder\3.1.0\maven-settings-builder-3.1.0.jar;C:\Users\2457221\.m2\repository\org\apache\maven\maven-repository-metadata\3.1.0\maven-repository-metadata-3.1.0.jar;C:\Users\2457221\.m2\repository\org\apache\maven\maven-model-builder\3.1.0\maven-model-builder-3.1.0.jar;C:\Users\2457221\.m2\repository\org\apache\maven\maven-aether-provider\3.1.0\maven-aether-provider-3.1.0.jar;C:\Users\2457221\.m2\repository\org\eclipse\aether\aether-spi\0.9.0.M2\aether-spi-0.9.0.M2.jar;C:\Users\2457221\.m2\repository\org\eclipse\aether\aether-impl\0.9.0.M2\aether-impl-0.9.0.M2.jar;C:\Users\2457221\.m2\repository\org\eclipse\aether\aether-api\0.9.0.M2\aether-api-0.9.0.M2.jar;C:\Users\2457221\.m2\repository\org\eclipse\sisu\org.eclipse.sisu.plexus\0.0.0.M2a\org.eclipse.sisu.plexus-0.0.0.M2a.jar;C:\Users\2457221\.m2\repository\javax\enterprise\cdi-api\1.0\cdi-api-1.0.jar;C:\Users\2457221\.m2\repository\javax\annotation\jsr250-api\1.0\jsr250-api-1.0.jar;C:\Users\2457221\.m2\repository\org\sonatype\sisu\sisu-guice\3.1.0\sisu-guice-3.1.0-no_aop.jar;C:\Users\2457221\.m2\repository\aopalliance\aopalliance\1.0\aopalliance-1.0.jar;C:\Users\2457221\.m2\repository\org\eclipse\sisu\org.eclipse.sisu.inject\0.0.0.M2a\org.eclipse.sisu.inject-0.0.0.M2a.jar;C:\Users\2457221\.m2\repository\asm\asm\3.3.1\asm-3.3.1.jar;C:\Users\2457221\.m2\repository\org\codehaus\plexus\plexus-interpolation\1.16\plexus-interpolation-1.16.jar;C:\Users\2457221\.m2\repository\org\codehaus\plexus\plexus-classworlds\2.4.2\plexus-classworlds-2.4.2.jar;C:\Users\2457221\.m2\repository\org\sonatype\plexus\plexus-sec-dispatcher\1.3\plexus-sec-dispatcher-1.3.jar;C:\Users\2457221\.m2\repository\org\sonatype\plexus\plexus-cipher\1.4\plexus-cipher-1.4.jar;C:\Users\2457221\.m2\repository\org\apache\maven\maven-artifact\3.1.0\maven-artifact-3.1.0.jar;C:\Users\2457221\.m2\repository\org\apache\maven\maven-plugin-api\3.1.0\maven-plugin-api-3.1.0.jar;C:\Users\2457221\.m2\repository\org\apache\maven\doxia\doxia-decoration-model\1.11.1\doxia-decoration-model-1.11.1.jar;C:\Users\2457221\.m2\repository\org\apache\maven\doxia\doxia-core\1.11.1\doxia-core-1.11.1.jar;C:\Users\2457221\.m2\repository\org\apache\httpcomponents\httpclient\4.5.13\httpclient-4.5.13.jar;C:\Users\2457221\.m2\repository\commons-codec\commons-codec\1.11\commons-codec-1.11.jar;C:\Users\2457221\.m2\repository\org\apache\httpcomponents\httpcore\4.4.14\httpcore-4.4.14.jar;C:\Users\2457221\.m2\repository\org\apache\maven\doxia\doxia-integration-tools\1.11.1\doxia-integration-tools-1.11.1.jar;C:\Users\2457221\.m2\repository\org\apache\maven\doxia\doxia-site-renderer\1.11.1\doxia-site-renderer-1.11.1.jar;C:\Users\2457221\.m2\repository\org\apache\maven\doxia\doxia-skin-model\1.11.1\doxia-skin-model-1.11.1.jar;C:\Users\2457221\.m2\repository\org\apache\maven\doxia\doxia-module-xhtml\1.11.1\doxia-module-xhtml-1.11.1.jar;C:\Users\2457221\.m2\repository\org\apache\maven\doxia\doxia-module-xhtml5\1.11.1\doxia-module-xhtml5-1.11.1.jar;C:\Users\2457221\.m2\repository\org\codehaus\plexus\plexus-velocity\1.2\plexus-velocity-1.2.jar;C:\Users\2457221\.m2\repository\org\apache\velocity\velocity\1.7\velocity-1.7.jar;C:\Users\2457221\.m2\repository\org\apache\velocity\velocity-tools\2.0\velocity-tools-2.0.jar;C:\Users\2457221\.m2\repository\commons-digester\commons-digester\1.8\commons-digester-1.8.jar;C:\Users\2457221\.m2\repository\commons-chain\commons-chain\1.1\commons-chain-1.1.jar;C:\Users\2457221\.m2\repository\dom4j\dom4j\1.1\dom4j-1.1.jar;C:\Users\2457221\.m2\repository\oro\oro\2.0.8\oro-2.0.8.jar;C:\Users\2457221\.m2\repository\commons-io\commons-io\2.11.0\commons-io-2.11.0.jar;C:\Users\2457221\.m2\repository\org\codehaus\plexus\plexus-archiver\4.7.1\plexus-archiver-4.7.1.jar;C:\Users\2457221\.m2\repository\javax\inject\javax.inject\1\javax.inject-1.jar;C:\Users\2457221\.m2\repository\org\apache\commons\commons-compress\1.23.0\commons-compress-1.23.0.jar;C:\Users\2457221\.m2\repository\org\iq80\snappy\snappy\0.4\snappy-0.4.jar;C:\Users\2457221\.m2\repository\org\tukaani\xz\1.9\xz-1.9.jar;C:\Users\2457221\.m2\repository\com\github\luben\zstd-jni\1.5.5-2\zstd-jni-1.5.5-2.jar;C:\Users\2457221\.m2\repository\org\codehaus\plexus\plexus-utils\3.5.1\plexus-utils-3.5.1.jar;C:\Users\2457221\.m2\repository\org\codehaus\plexus\plexus-io\3.4.1\plexus-io-3.4.1.jar;C:\Users\2457221\.m2\repository\org\codehaus\plexus\plexus-i18n\1.0-beta-10\plexus-i18n-1.0-beta-10.jar;C:\Users\2457221\.m2\repository\org\apache\maven\shared\maven-dependency-analyzer\1.13.2\maven-dependency-analyzer-1.13.2.jar;C:\Users\2457221\.m2\repository\org\apache\maven\maven-model\3.2.5\maven-model-3.2.5.jar;C:\Users\2457221\.m2\repository\org\ow2\asm\asm\9.5\asm-9.5.jar;C:\Users\2457221\.m2\repository\org\apache\maven\shared\maven-dependency-tree\3.2.1\maven-dependency-tree-3.2.1.jar;C:\Users\2457221\.m2\repository\org\eclipse\aether\aether-util\1.0.0.v20140518\aether-util-1.0.0.v20140518.jar;C:\Users\2457221\.m2\repository\org\apache\maven\shared\maven-common-artifact-filters\3.3.2\maven-common-artifact-filters-3.3.2.jar;C:\Users\2457221\.m2\repository\org\apache\maven\shared\maven-artifact-transfer\0.13.1\maven-artifact-transfer-0.13.1.jar;C:\Users\2457221\.m2\repository\org\codehaus\plexus\plexus-component-annotations\2.0.0\plexus-component-annotations-2.0.0.jar;C:\Users\2457221\.m2\repository\org\apache\maven\shared\maven-shared-utils\3.3.4\maven-shared-utils-3.3.4.jar;C:\Users\2457221\.m2\repository\org\apache\commons\commons-collections4\4.2\commons-collections4-4.2.jar;C:\Users\2457221\.m2\repository\org\apache\commons\commons-lang3\3.12.0\commons-lang3-3.12.0.jar;C:\Users\2457221\.m2\repository\org\sonatype\plexus\plexus-build-api\0.0.7\plexus-build-api-0.0.7.jar;C:\Users\2457221\.m2\repository\io\cucumber\cucumber-picocontainer\7.13.0\cucumber-picocontainer-7.13.0.jar;C:\Users\2457221\.m2\repository\org\picocontainer\picocontainer\2.15\picocontainer-2.15.jar;C:\Users\2457221\.m2\repository\org\apache\commons\commons-csv\1.10.0\commons-csv-1.10.0.jar;C:\Users\2457221\.m2\repository\com\opencsv\opencsv\5.8\opencsv-5.8.jar;C:\Users\2457221\.m2\repository\org\apache\commons\commons-text\1.10.0\commons-text-1.10.0.jar;C:\Users\2457221\.m2\repository\commons-beanutils\commons-beanutils\1.9.4\commons-beanutils-1.9.4.jar;C:\Users\2457221\.m2\repository\commons-logging\commons-logging\1.2\commons-logging-1.2.jar;C:\Users\2457221\.m2\repository\net\masterthought\cucumber-reporting\5.7.6\cucumber-reporting-5.7.6.jar;C:\Users\2457221\.m2\repository\com\fasterxml\jackson\core\jackson-databind\2.13.2.2\jackson-databind-2.13.2.2.jar;C:\Users\2457221\.m2\repository\com\fasterxml\jackson\core\jackson-annotations\2.13.2\jackson-annotations-2.13.2.jar;C:\Users\2457221\.m2\repository\com\fasterxml\jackson\core\jackson-core\2.13.2\jackson-core-2.13.2.jar;C:\Users\2457221\.m2\repository\com\fasterxml\jackson\datatype\jackson-datatype-jsr310\2.13.2\jackson-datatype-jsr310-2.13.2.jar;C:\Users\2457221\.m2\repository\org\apache\velocity\velocity-engine-core\2.3\velocity-engine-core-2.3.jar;C:\Users\2457221\.m2\repository\joda-time\joda-time\2.12.2\joda-time-2.12.2.jar;C:\Users\2457221\.m2\repository\org\jsoup\jsoup\1.16.1\jsoup-1.16.1.jar;C:\Users\2457221\.m2\repository\com\googlecode\owasp-java-html-sanitizer\owasp-java-html-sanitizer\20220608.1\owasp-java-html-sanitizer-20220608.1.jar;C:\Users\2457221\.m2\repository\commons-configuration\commons-configuration\1.10\commons-configuration-1.10.jar;C:\Users\2457221\.m2\repository\commons-lang\commons-lang\2.6\commons-lang-2.6.jar;C:\Users\2457221\.m2\repository\net\masterthought\maven-cucumber-reporting\5.7.6\maven-cucumber-reporting-5.7.6.jar;C:\Users\2457221\.m2\repository\commons-collections\commons-collections\3.2.2\commons-collections-3.2.2.jar;"/>
    <property name="sun.cpu.endian" value="little"/>
    <property name="user.home" value="C:\Users\2457221"/>
    <property name="user.language" value="en"/>
    <property name="java.specification.vendor" value="Oracle Corporation"/>
    <property name="java.version.date" value="2019-01-15"/>
    <property name="java.home" value="C:\temp\jdk-11.0.2"/>
    <property name="file.separator" value="\"/>
    <property name="basedir" value="C:\Users\2457221\eclipse-workspace\Framework-selenium-java-testng2"/>
    <property name="java.vm.compressedOopsMode" value="32-bit"/>
    <property name="line.separator" value="&#10;"/>
    <property name="java.specification.name" value="Java Platform API Specification"/>
    <property name="java.vm.specification.vendor" value="Oracle Corporation"/>
    <property name="java.awt.graphicsenv" value="sun.awt.Win32GraphicsEnvironment"/>
    <property name="surefire.real.class.path" value="C:\Users\2457221\AppData\Local\Temp\surefire311342654437560647\surefirebooter-20230826151856211_3.jar"/>
    <property name="user.script" value=""/>
    <property name="sun.management.compiler" value="HotSpot 64-Bit Tiered Compilers"/>
    <property name="java.runtime.version" value="11.0.2+9"/>
    <property name="webdriver.edge.driver" value="Browser/msedgedriver.exe"/>
    <property name="user.name" value="2457221"/>
    <property name="path.separator" value=";"/>
    <property name="os.version" value="10.0"/>
    <property name="java.runtime.name" value="OpenJDK Runtime Environment"/>
    <property name="file.encoding" value="Cp1252"/>
    <property name="java.vm.name" value="OpenJDK 64-Bit Server VM"/>
    <property name="java.vendor.version" value="18.9"/>
    <property name="localRepository" value="C:\Users\2457221\.m2\repository"/>
    <property name="java.vendor.url.bug" value="http://bugreport.java.com/bugreport/"/>
    <property name="java.io.tmpdir" value="C:\Users\2457221\AppData\Local\Temp\"/>
    <property name="java.version" value="11.0.2"/>
    <property name="user.dir" value="C:\Users\2457221\eclipse-workspace\Framework-selenium-java-testng2"/>
    <property name="os.arch" value="amd64"/>
    <property name="java.vm.specification.name" value="Java Virtual Machine Specification"/>
    <property name="java.awt.printerjob" value="sun.awt.windows.WPrinterJob"/>
    <property name="sun.os.patch.level" value=""/>
    <property name="java.library.path" value="C:\temp\jdk-11.0.2\bin;C:\windows\Sun\Java\bin;C:\windows\system32;C:\windows;C:/temp/jdk-11.0.2/bin/server;C:/temp/jdk-11.0.2/bin;C:\windows\system32;C:\windows;C:\windows\System32\Wbem;C:\windows\System32\WindowsPowerShell\v1.0\;C:\windows\System32\OpenSSH\;C:\Program Files\nodejs\;C:\Program Files\Git\cmd;C:\Users\2457221\AppData\Local\Microsoft\WindowsApps;C:\temp\jdk-11.0.2\bin;;C:\Users\2457221\AppData\Local\Programs\Microsoft VS Code\bin;C:\Users\2457221\eclipse-jee-2019-12-R-win32-x86_64\eclipse;;."/>
    <property name="java.vendor" value="Oracle Corporation"/>
    <property name="java.vm.info" value="mixed mode"/>
    <property name="java.vm.version" value="11.0.2+9"/>
    <property name="sun.io.unicode.encoding" value="UnicodeLittle"/>
    <property name="java.class.version" value="55.0"/>
  </properties>
  <testcase name="runScenario[&quot;Verify selenium easy radio buttons page features&quot;, &quot;Verify selenium easy radio buttons page features&quot;](1)" classname="tests.FrameworkTestRunner" time="35.964">
    <system-out><![CDATA[
@Test
Scenario: Verify selenium easy input form submit page features CSV file # src/test/resources/Features/SeleniumEasyInputFormSubmit.feature:22

@Test
Scenario Outline: Verify selenium easy radio buttons page features # src/test/resources/Features/SeleniumEasyRadioButtons.feature:15

@Test
Scenario: Verify selenium easy input form submitPage features property file # src/test/resources/Features/SeleniumEasyInputFormSubmit.feature:4

@Test
Scenario Outline: Verify error message in selenium easy input form submit page features cucumber data table # src/test/resources/Features/SeleniumEasyInputFormSubmit.feature:58

@Test
Scenario: Verify selenium easy input form submit page features cucumber data table # src/test/resources/Features/SeleniumEasyInputFormSubmit.feature:40
[SeleniumEasy][03:19:00][INFO][HooksUtils:beforeSetup]Running before hooks to setup browser
[SeleniumEasy][03:19:00][INFO][HooksUtils:beforeSetup]Running before hooks to setup browser
[SeleniumEasy][03:19:00][INFO][HooksUtils:beforeSetup]Running before hooks to setup browser
[SeleniumEasy][03:19:00][INFO][HooksUtils:beforeSetup]Running before hooks to setup browser
[SeleniumEasy][03:19:00][INFO][HooksUtils:beforeSetup]Running before hooks to setup browser
Test runing in EdgeDriver
Test runing in EdgeDriver
Test runing in EdgeDriver
Test runing in EdgeDriver
Test runing in EdgeDriver
  Given I navigate to the "http://demo.seleniumeasy.com/" page          # steps.NavigationSteps.iNavigateToThePage(java.lang.String)
  Given I navigate to the "http://demo.seleniumeasy.com/" page              # steps.NavigationSteps.iNavigateToThePage(java.lang.String)
  And user is on selenium easy homePage verifying page title            # steps.SeleniumEasyHomePageSteps.user_is_on_selenium_easy_home_page_verifying_page_title()
  And user is on selenium easy homePage verifying page title                # steps.SeleniumEasyHomePageSteps.user_is_on_selenium_easy_home_page_verifying_page_title()
  Given I navigate to the "http://demo.seleniumeasy.com/" page                     # steps.NavigationSteps.iNavigateToThePage(java.lang.String)
  And user is on selenium easy homePage verifying page title                       # steps.SeleniumEasyHomePageSteps.user_is_on_selenium_easy_home_page_verifying_page_title()
  Given I navigate to the "http://demo.seleniumeasy.com/" page                                              # steps.NavigationSteps.iNavigateToThePage(java.lang.String)
  And user is on selenium easy homePage verifying page title                                                # steps.SeleniumEasyHomePageSteps.user_is_on_selenium_easy_home_page_verifying_page_title()
  Given I navigate to the "http://demo.seleniumeasy.com/" page     # steps.NavigationSteps.iNavigateToThePage(java.lang.String)
  Given user is on selenium easy homePage verifying page title     # steps.SeleniumEasyHomePageSteps.user_is_on_selenium_easy_home_page_verifying_page_title()
  When user navigate to radio buttons page                         # steps.SeleniumEasyHomePageSteps.user_navigate_to_radio_buttons_page()
  And user verifys radio buttons page title                        # steps.SeleniumEasyInputRadioButtonsSteps.user_verifys_radio_buttons_page_title()
  And user navigate to input form submit page                                      # steps.SeleniumEasyHomePageSteps.user_navigate_to_input_form_submit_page()
  And user navigate to input form submit page                                                               # steps.SeleniumEasyHomePageSteps.user_navigate_to_input_form_submit_page()
  And user navigate to input form submit page                           # steps.SeleniumEasyHomePageSteps.user_navigate_to_input_form_submit_page()
  And user navigate to input form submit page                               # steps.SeleniumEasyHomePageSteps.user_navigate_to_input_form_submit_page()
  And user verifys input form submit page title                         # steps.SeleniumEasyInputFormSubmitSteps.user_verifys_input_form_submit_page_title()
  And user verifys input form submit page title                             # steps.SeleniumEasyInputFormSubmitSteps.user_verifys_input_form_submit_page_title()
  And user verifys input form submit page title                                                             # steps.SeleniumEasyInputFormSubmitSteps.user_verifys_input_form_submit_page_title()
  And user verifys input form submit page title                                    # steps.SeleniumEasyInputFormSubmitSteps.user_verifys_input_form_submit_page_title()
  Then user clicks "0 - 5" and "Male" in radio buttons page        # steps.SeleniumEasyInputRadioButtonsSteps.user_clicks_ageGroup_and_sex_in_radio_buttons_page(java.lang.String,java.lang.String)
  And user clicks on get value button                              # steps.SeleniumEasyInputRadioButtonsSteps.user_clicks_on_get_value_button()
  And user verifys "Sex : Male" and "Age group: 0 - 5"             # steps.SeleniumEasyInputRadioButtonsSteps.user_verifys_generated_value(java.lang.String,java.lang.String)
[SeleniumEasy][03:19:30][INFO][HooksUtils:quitApp]Running after hooks to close browser
]]></system-out>
    <system-err><![CDATA[SLF4J: Failed to load class "org.slf4j.impl.StaticLoggerBinder".
SLF4J: Defaulting to no-operation (NOP) logger implementation
SLF4J: See http://www.slf4j.org/codes.html#StaticLoggerBinder for further details.
Aug 26, 2023 3:19:07 PM org.openqa.selenium.devtools.CdpVersionFinder findNearestMatch
WARNING: Unable to find an exact match for CDP version 116, so returning the closest version found: 115
Aug 26, 2023 3:19:08 PM org.openqa.selenium.devtools.CdpVersionFinder findNearestMatch
WARNING: Unable to find an exact match for CDP version 116, so returning the closest version found: 115
Aug 26, 2023 3:19:10 PM org.openqa.selenium.devtools.CdpVersionFinder findNearestMatch
WARNING: Unable to find an exact match for CDP version 116, so returning the closest version found: 115
Aug 26, 2023 3:19:10 PM org.openqa.selenium.devtools.CdpVersionFinder findNearestMatch
WARNING: Unable to find an exact match for CDP version 116, so returning the closest version found: 115
Aug 26, 2023 3:19:11 PM org.openqa.selenium.devtools.CdpVersionFinder findNearestMatch
WARNING: Unable to find an exact match for CDP version 116, so returning the closest version found: 115
]]></system-err>
  </testcase>
  <testcase name="runScenario[&quot;Verify error message in selenium easy input form submit page features cucumber data table&quot;, &quot;Verify selenium easy InputFormSubmitPage features&quot;](2)" classname="tests.FrameworkTestRunner" time="5.158">
    <system-out><![CDATA[
@Test
Scenario: Verify selenium easy range slider page features      # src/test/resources/Features/SeleniumEasyRangeSliderPage.feature:4
[SeleniumEasy][03:19:36][INFO][HooksUtils:beforeSetup]Running before hooks to setup browser
  When user fills input text box from CSV files                         # steps.SeleniumEasyInputFormSubmitSteps.user_fills_input_text_box_from_csv_files(io.cucumber.datatable.DataTable)
    | fieldName  | inputValueCSV |
    | First Name | FirstName     |
    | Last Name  | LastName      |
    | E-Mail     | EMail         |
    | Phone #    | Phone         |
    | Address    | Address       |
    | City       | City          |
    | Zip Code   | ZipCode       |
  When user fills input text box from property file                         # steps.SeleniumEasyInputFormSubmitSteps.user_fills_input_text_box_from_property_file(io.cucumber.datatable.DataTable)
    | fieldName  | inputValue |
    | First Name | FirstName  |
    | Last Name  | LastName   |
    | E-Mail     | EMail      |
    | Phone #    | Phone      |
    | Address    | Address    |
    | City       | City       |
    | Zip Code   | ZipCode    |
  And user clicks send button                                           # steps.SeleniumEasyInputFormSubmitSteps.user_clicks_send_button()
  When user fills input in text box                                                                         # steps.SeleniumEasyInputFormSubmitSteps.user_fills_input(io.cucumber.datatable.DataTable)
    | fieldName  | inputValue |
    | First Name | M          |
    | Phone #    | 0987654321 |
    | Address    | Street24   |
    | City       | G-City     |
    | Zip Code   | 00000      |
  And user clicks send button                                               # steps.SeleniumEasyInputFormSubmitSteps.user_clicks_send_button()
  And user clicks send button                                                                               # steps.SeleniumEasyInputFormSubmitSteps.user_clicks_send_button()
  When user fills input in text box                                                # steps.SeleniumEasyInputFormSubmitSteps.user_fills_input(io.cucumber.datatable.DataTable)
    | fieldName  | inputValue       |
    | First Name | Muhammad         |
    | Last Name  | Ali              |
    | E-Mail     | Muhammad@abc.com |
    | Phone #    | 0987654321       |
    | Address    | Street24         |
    | City       | G-City           |
    | Zip Code   | 00000            |
  Then user verifys if error message is visible                                                             # steps.SeleniumEasyInputFormSubmitSteps.user_verifys_if_error_message_is_visible_for_firstname_and_email_input(io.cucumber.datatable.DataTable)
    | ErrorMessage                        |
    | Please enter more than 2 characters |
    | Please supply your last name        |
    | Please supply your email address    |
[SeleniumEasy][03:19:39][INFO][HooksUtils:quitApp]Running after hooks to close browser
  And user clicks send button                                                      # steps.SeleniumEasyInputFormSubmitSteps.user_clicks_send_button()
]]></system-out>
  </testcase>
  <testcase name="runScenario[&quot;Verify selenium easy input form submit page features cucumber data table&quot;, &quot;Verify selenium easy InputFormSubmitPage features&quot;](3)" classname="tests.FrameworkTestRunner" time="10.703">
    <system-out><![CDATA[
@Test
Scenario: Verify single input fild in selenium easy simple form demo page features # src/test/resources/Features/SeleniumEasySimpleFormDemoPage.feature:4
[SeleniumEasy][03:19:41][INFO][HooksUtils:beforeSetup]Running before hooks to setup browser
Test runing in EdgeDriver
  Then user verifys if input box are filled                             # steps.SeleniumEasyInputFormSubmitSteps.user_verifys_if_input_box_are_filled()
[SeleniumEasy][03:19:49][INFO][HooksUtils:quitApp]Running after hooks to close browser
  Then user verifys if input box are filled                                 # steps.SeleniumEasyInputFormSubmitSteps.user_verifys_if_input_box_are_filled()
[SeleniumEasy][03:19:49][INFO][HooksUtils:quitApp]Running after hooks to close browser
  Then user verifys if input box are filled                                        # steps.SeleniumEasyInputFormSubmitSteps.user_verifys_if_input_box_are_filled()
[SeleniumEasy][03:19:49][INFO][HooksUtils:quitApp]Running after hooks to close browser
Test runing in EdgeDriver
]]></system-out>
    <system-err><![CDATA[Aug 26, 2023 3:19:44 PM org.openqa.selenium.devtools.CdpVersionFinder findNearestMatch
WARNING: Unable to find an exact match for CDP version 116, so returning the closest version found: 115
Aug 26, 2023 3:19:50 PM org.openqa.selenium.devtools.CdpVersionFinder findNearestMatch
WARNING: Unable to find an exact match for CDP version 116, so returning the closest version found: 115
]]></system-err>
  </testcase>
  <testcase name="runScenario[&quot;Verify selenium easy input form submitPage features property file&quot;, &quot;Verify selenium easy InputFormSubmitPage features&quot;](4)" classname="tests.FrameworkTestRunner" time="0.596">
    <system-out><![CDATA[
@Test
Scenario Outline: Verify two input fild in selenium easy simple form demo page features # src/test/resources/Features/SeleniumEasySimpleFormDemoPage.feature:25
[SeleniumEasy][03:19:52][INFO][HooksUtils:beforeSetup]Running before hooks to setup browser
]]></system-out>
  </testcase>
  <testcase name="runScenario[&quot;Verify selenium easy input form submit page features CSV file&quot;, &quot;Verify selenium easy InputFormSubmitPage features&quot;](5)" classname="tests.FrameworkTestRunner" time="0.112">
    <system-out><![CDATA[
@Test
Scenario Outline: Verify two input fild in selenium easy simple form demo page features # src/test/resources/Features/SeleniumEasySimpleFormDemoPage.feature:26
[SeleniumEasy][03:19:53][INFO][HooksUtils:beforeSetup]Running before hooks to setup browser
]]></system-out>
  </testcase>
  <testcase name="runScenario[&quot;Verify single input fild in selenium easy simple form demo page features&quot;, &quot;Verify selenium easy simple form demo page features&quot;](6)" classname="tests.FrameworkTestRunner" time="10.313">
    <system-out><![CDATA[  Given I navigate to the "http://demo.seleniumeasy.com/" page # steps.NavigationSteps.iNavigateToThePage(java.lang.String)
  Given user is on selenium easy homePage verifying page title # steps.SeleniumEasyHomePageSteps.user_is_on_selenium_easy_home_page_verifying_page_title()
Test runing in EdgeDriver
  Given I navigate to the "http://demo.seleniumeasy.com/" page                     # steps.NavigationSteps.iNavigateToThePage(java.lang.String)
  Given user is on selenium easy homePage verifying page title                     # steps.SeleniumEasyHomePageSteps.user_is_on_selenium_easy_home_page_verifying_page_title()
  And user navigate to range slider page                       # steps.SeleniumEasyHomePageSteps.user_navigate_to_range_sliderPage()
  Then user verifys range slider page title                    # steps.SeleniumEasyRangeSliderSteps.user_verifys_range_slider_page_title()
  When user navigate to Simple Form Demo page                                      # steps.SeleniumEasyHomePageSteps.user_navigate_to_Simple_Form_Demo_page()
  And user verifys simple form demo page title                                     # steps.SeleniumEasySimpleFormDemoSteps.user_verifys_simple_form_demo_page_title()
  And user drages slider from position 0 to 50                 # steps.SeleniumEasyRangeSliderSteps.user_drages_slider_from_position(java.lang.Integer,java.lang.Integer)
  Then user verifys range slider position "50"                 # steps.SeleniumEasyRangeSliderSteps.user_verifys_range_slider_position(java.lang.String)
[SeleniumEasy][03:20:00][INFO][HooksUtils:quitApp]Running after hooks to close browser
  Then user enters "TCS" in single input field text box                            # steps.SeleniumEasySimpleFormDemoSteps.user_enters_in_single_input_field_text_box(java.lang.String)
Test runing in EdgeDriver
  And user clicks on single input field show message button                        # steps.SeleniumEasySimpleFormDemoSteps.user_clicks_on_single_input_field_show_message_button()
  And user verifys single input field sucess message is equal to "TCS"             # steps.SeleniumEasySimpleFormDemoSteps.user_verifys_single_input_field_sucess_message_is_equal_to(java.lang.String)
[SeleniumEasy][03:20:01][INFO][HooksUtils:quitApp]Running after hooks to close browser
]]></system-out>
    <system-err><![CDATA[Aug 26, 2023 3:19:57 PM org.openqa.selenium.devtools.CdpVersionFinder findNearestMatch
WARNING: Unable to find an exact match for CDP version 116, so returning the closest version found: 115
Aug 26, 2023 3:20:00 PM org.openqa.selenium.devtools.CdpVersionFinder findNearestMatch
WARNING: Unable to find an exact match for CDP version 116, so returning the closest version found: 115
]]></system-err>
  </testcase>
  <testcase name="runScenario[&quot;Verify selenium easy range slider page features&quot;, &quot;Verify selenium easy range slider page features&quot;](7)" classname="tests.FrameworkTestRunner" time="10.705">
    <system-out><![CDATA[  Given I navigate to the "http://demo.seleniumeasy.com/" page                          # steps.NavigationSteps.iNavigateToThePage(java.lang.String)
  Given user is on selenium easy homePage verifying page title                          # steps.SeleniumEasyHomePageSteps.user_is_on_selenium_easy_home_page_verifying_page_title()
]]></system-out>
  </testcase>
  <testcase name="runScenario[&quot;Verify two input fild in selenium easy simple form demo page features&quot;, &quot;Verify selenium easy simple form demo page features&quot;](8)" classname="tests.FrameworkTestRunner" time="12.976">
    <system-out><![CDATA[  When user navigate to Simple Form Demo page                                           # steps.SeleniumEasyHomePageSteps.user_navigate_to_Simple_Form_Demo_page()
  And user verifys simple form demo page title                                          # steps.SeleniumEasySimpleFormDemoSteps.user_verifys_simple_form_demo_page_title()
  Then user enters 10 and 15 in two input field text box                                # steps.SeleniumEasySimpleFormDemoSteps.user_enters_and_in_two_input_field_text_box(int,int)
  And user clicks on two input field get total button                                   # steps.SeleniumEasySimpleFormDemoSteps.user_clicks_on_get_total_button()
  And user verifys two input field total message is equal to "25"                       # steps.SeleniumEasySimpleFormDemoSteps.user_verifys_two_input_field_total_message_is_equal_to(java.lang.String)
[SeleniumEasy][03:20:05][INFO][HooksUtils:quitApp]Running after hooks to close browser
]]></system-out>
  </testcase>
  <testcase name="runScenario[&quot;Verify two input fild in selenium easy simple form demo page features&quot;, &quot;Verify selenium easy simple form demo page features&quot;](9)" classname="tests.FrameworkTestRunner" time="17.934">
    <system-out><![CDATA[  Given I navigate to the "http://demo.seleniumeasy.com/" page                          # steps.NavigationSteps.iNavigateToThePage(java.lang.String)
  Given user is on selenium easy homePage verifying page title                          # steps.SeleniumEasyHomePageSteps.user_is_on_selenium_easy_home_page_verifying_page_title()
  When user navigate to Simple Form Demo page                                           # steps.SeleniumEasyHomePageSteps.user_navigate_to_Simple_Form_Demo_page()
  And user verifys simple form demo page title                                          # steps.SeleniumEasySimpleFormDemoSteps.user_verifys_simple_form_demo_page_title()
  Then user enters 5845 and 3783 in two input field text box                            # steps.SeleniumEasySimpleFormDemoSteps.user_enters_and_in_two_input_field_text_box(int,int)
  And user clicks on two input field get total button                                   # steps.SeleniumEasySimpleFormDemoSteps.user_clicks_on_get_total_button()
  And user verifys two input field total message is equal to "9628"                     # steps.SeleniumEasySimpleFormDemoSteps.user_verifys_two_input_field_total_message_is_equal_to(java.lang.String)
[SeleniumEasy][03:20:09][INFO][HooksUtils:quitApp]Running after hooks to close browser
]]></system-out>
  </testcase>
  <testcase name="tearDownClass" classname="tests.FrameworkTestRunner" time="22.412">
    <failure message="javax.net.ssl.SSLHandshakeException: PKIX path building failed: sun.security.provider.certpath.SunCertPathBuilderException: unable to find valid certification path to requested target" type="java.lang.RuntimeException"><![CDATA[java.lang.RuntimeException: javax.net.ssl.SSLHandshakeException: PKIX path building failed: sun.security.provider.certpath.SunCertPathBuilderException: unable to find valid certification path to requested target
	at io.cucumber.core.plugin.MessageFormatter.writeMessage(MessageFormatter.java:32)
	at io.cucumber.core.eventbus.AbstractEventPublisher.send(AbstractEventPublisher.java:51)
	at io.cucumber.core.eventbus.AbstractEventBus.send(AbstractEventBus.java:12)
	at io.cucumber.core.runtime.SynchronizedEventBus.send(SynchronizedEventBus.java:47)
	at io.cucumber.core.runtime.CucumberExecutionContext.emitTestRunFinished(CucumberExecutionContext.java:125)
	at io.cucumber.core.runtime.CucumberExecutionContext.finishTestRun(CucumberExecutionContext.java:105)
	at io.cucumber.testng.TestNGCucumberRunner.finish(TestNGCucumberRunner.java:145)
	at io.cucumber.testng.AbstractTestNGCucumberTests.tearDownClass(AbstractTestNGCucumberTests.java:57)
	at java.base/jdk.internal.reflect.NativeMethodAccessorImpl.invoke0(Native Method)
	at java.base/jdk.internal.reflect.NativeMethodAccessorImpl.invoke(NativeMethodAccessorImpl.java:62)
	at java.base/jdk.internal.reflect.DelegatingMethodAccessorImpl.invoke(DelegatingMethodAccessorImpl.java:43)
	at java.base/java.lang.reflect.Method.invoke(Method.java:566)
	at org.testng.internal.invokers.MethodInvocationHelper.invokeMethod(MethodInvocationHelper.java:139)
	at org.testng.internal.invokers.MethodInvocationHelper.invokeMethodConsideringTimeout(MethodInvocationHelper.java:69)
	at org.testng.internal.invokers.ConfigInvoker.invokeConfigurationMethod(ConfigInvoker.java:390)
	at org.testng.internal.invokers.ConfigInvoker.invokeConfigurations(ConfigInvoker.java:325)
	at org.testng.internal.invokers.TestMethodWorker.invokeAfterClassConfigurations(TestMethodWorker.java:229)
	at org.testng.internal.invokers.TestMethodWorker.invokeAfterClassMethods(TestMethodWorker.java:215)
	at org.testng.internal.invokers.TestMethodWorker.run(TestMethodWorker.java:131)
	at java.base/java.util.ArrayList.forEach(ArrayList.java:1540)
	at org.testng.TestRunner.privateRun(TestRunner.java:848)
	at org.testng.TestRunner.run(TestRunner.java:621)
	at org.testng.SuiteRunner.runTest(SuiteRunner.java:443)
	at org.testng.SuiteRunner.runSequentially(SuiteRunner.java:437)
	at org.testng.SuiteRunner.privateRun(SuiteRunner.java:397)
	at org.testng.SuiteRunner.run(SuiteRunner.java:336)
	at org.testng.SuiteRunnerWorker.runSuite(SuiteRunnerWorker.java:52)
	at org.testng.SuiteRunnerWorker.run(SuiteRunnerWorker.java:95)
	at org.testng.TestNG.runSuitesSequentially(TestNG.java:1280)
	at org.testng.TestNG.runSuitesLocally(TestNG.java:1200)
	at org.testng.TestNG.runSuites(TestNG.java:1114)
	at org.testng.TestNG.run(TestNG.java:1082)
	at org.apache.maven.surefire.testng.TestNGExecutor.run(TestNGExecutor.java:308)
	at org.apache.maven.surefire.testng.TestNGXmlTestSuite.execute(TestNGXmlTestSuite.java:71)
	at org.apache.maven.surefire.testng.TestNGProvider.invoke(TestNGProvider.java:113)
	at org.apache.maven.surefire.booter.ForkedBooter.runSuitesInProcess(ForkedBooter.java:385)
	at org.apache.maven.surefire.booter.ForkedBooter.execute(ForkedBooter.java:162)
	at org.apache.maven.surefire.booter.ForkedBooter.run(ForkedBooter.java:507)
	at org.apache.maven.surefire.booter.ForkedBooter.main(ForkedBooter.java:495)
Caused by: javax.net.ssl.SSLHandshakeException: PKIX path building failed: sun.security.provider.certpath.SunCertPathBuilderException: unable to find valid certification path to requested target
	at java.base/jdk.internal.reflect.NativeConstructorAccessorImpl.newInstance0(Native Method)
	at java.base/jdk.internal.reflect.NativeConstructorAccessorImpl.newInstance(NativeConstructorAccessorImpl.java:62)
	at java.base/jdk.internal.reflect.DelegatingConstructorAccessorImpl.newInstance(DelegatingConstructorAccessorImpl.java:45)
	at java.base/java.lang.reflect.Constructor.newInstance(Constructor.java:490)
	at java.base/sun.net.www.protocol.http.HttpURLConnection$10.run(HttpURLConnection.java:1963)
	at java.base/sun.net.www.protocol.http.HttpURLConnection$10.run(HttpURLConnection.java:1958)
	at java.base/java.security.AccessController.doPrivileged(Native Method)
	at java.base/sun.net.www.protocol.http.HttpURLConnection.getChainedException(HttpURLConnection.java:1957)
	at java.base/sun.net.www.protocol.http.HttpURLConnection.getInputStream0(HttpURLConnection.java:1525)
	at java.base/sun.net.www.protocol.http.HttpURLConnection.getInputStream(HttpURLConnection.java:1509)
	at java.base/java.net.HttpURLConnection.getResponseCode(HttpURLConnection.java:527)
	at java.base/sun.net.www.protocol.https.HttpsURLConnectionImpl.getResponseCode(HttpsURLConnectionImpl.java:329)
	at io.cucumber.core.plugin.UrlOutputStream.getResponseBody(UrlOutputStream.java:125)
	at io.cucumber.core.plugin.UrlOutputStream.sendRequest(UrlOutputStream.java:87)
	at io.cucumber.core.plugin.UrlOutputStream.close(UrlOutputStream.java:65)
	at java.base/sun.nio.cs.StreamEncoder.implClose(StreamEncoder.java:341)
	at java.base/sun.nio.cs.StreamEncoder.close(StreamEncoder.java:161)
	at java.base/java.io.OutputStreamWriter.close(OutputStreamWriter.java:258)
	at io.cucumber.core.plugin.MessageFormatter.writeMessage(MessageFormatter.java:29)
	... 38 more
Caused by: javax.net.ssl.SSLHandshakeException: PKIX path building failed: sun.security.provider.certpath.SunCertPathBuilderException: unable to find valid certification path to requested target
	at java.base/sun.security.ssl.Alert.createSSLException(Alert.java:128)
	at java.base/sun.security.ssl.TransportContext.fatal(TransportContext.java:321)
	at java.base/sun.security.ssl.TransportContext.fatal(TransportContext.java:264)
	at java.base/sun.security.ssl.TransportContext.fatal(TransportContext.java:259)
	at java.base/sun.security.ssl.CertificateMessage$T13CertificateConsumer.checkServerCerts(CertificateMessage.java:1329)
	at java.base/sun.security.ssl.CertificateMessage$T13CertificateConsumer.onConsumeCertificate(CertificateMessage.java:1204)
	at java.base/sun.security.ssl.CertificateMessage$T13CertificateConsumer.consume(CertificateMessage.java:1151)
	at java.base/sun.security.ssl.SSLHandshake.consume(SSLHandshake.java:392)
	at java.base/sun.security.ssl.HandshakeContext.dispatch(HandshakeContext.java:444)
	at java.base/sun.security.ssl.HandshakeContext.dispatch(HandshakeContext.java:421)
	at java.base/sun.security.ssl.TransportContext.dispatch(TransportContext.java:178)
	at java.base/sun.security.ssl.SSLTransport.decode(SSLTransport.java:164)
	at java.base/sun.security.ssl.SSLSocketImpl.decode(SSLSocketImpl.java:1152)
	at java.base/sun.security.ssl.SSLSocketImpl.readHandshakeRecord(SSLSocketImpl.java:1063)
	at java.base/sun.security.ssl.SSLSocketImpl.startHandshake(SSLSocketImpl.java:402)
	at java.base/sun.net.www.protocol.https.HttpsClient.afterConnect(HttpsClient.java:567)
	at java.base/sun.net.www.protocol.https.AbstractDelegateHttpsURLConnection.connect(AbstractDelegateHttpsURLConnection.java:185)
	at java.base/sun.net.www.protocol.http.HttpURLConnection.getInputStream0(HttpURLConnection.java:1581)
	at java.base/sun.net.www.protocol.http.HttpURLConnection.getInputStream(HttpURLConnection.java:1509)
	at java.base/sun.net.www.protocol.http.HttpURLConnection.getHeaderFields(HttpURLConnection.java:3107)
	at java.base/sun.net.www.protocol.https.HttpsURLConnectionImpl.getHeaderFields(HttpsURLConnectionImpl.java:274)
	at io.cucumber.core.plugin.UrlOutputStream.getResponseBody(UrlOutputStream.java:124)
	... 44 more
Caused by: sun.security.validator.ValidatorException: PKIX path building failed: sun.security.provider.certpath.SunCertPathBuilderException: unable to find valid certification path to requested target
	at java.base/sun.security.validator.PKIXValidator.doBuild(PKIXValidator.java:385)
	at java.base/sun.security.validator.PKIXValidator.engineValidate(PKIXValidator.java:290)
	at java.base/sun.security.validator.Validator.validate(Validator.java:264)
	at java.base/sun.security.ssl.X509TrustManagerImpl.validate(X509TrustManagerImpl.java:321)
	at java.base/sun.security.ssl.X509TrustManagerImpl.checkTrusted(X509TrustManagerImpl.java:221)
	at java.base/sun.security.ssl.X509TrustManagerImpl.checkServerTrusted(X509TrustManagerImpl.java:129)
	at java.base/sun.security.ssl.CertificateMessage$T13CertificateConsumer.checkServerCerts(CertificateMessage.java:1313)
	... 61 more
Caused by: sun.security.provider.certpath.SunCertPathBuilderException: unable to find valid certification path to requested target
	at java.base/sun.security.provider.certpath.SunCertPathBuilder.build(SunCertPathBuilder.java:141)
	at java.base/sun.security.provider.certpath.SunCertPathBuilder.engineBuild(SunCertPathBuilder.java:126)
	at java.base/java.security.cert.CertPathBuilder.build(CertPathBuilder.java:297)
	at java.base/sun.security.validator.PKIXValidator.doBuild(PKIXValidator.java:380)
	... 67 more
]]></failure>
  </testcase>
</testsuite>