

<!DOCTYPE html>
<html>
<head>
<meta charset="UTF-8">
<meta name="viewport" content="width=device-width, initial-scale=1, shrink-to-fit=no">
<title></title>
<link rel="apple-touch-icon" href="https://cdn.jsdelivr.net/gh/extent-framework/extent-github-cdn@b00a2d0486596e73dd7326beacf352c639623a0e/commons/img/logo.png">
<link rel="shortcut icon" href="https://cdn.jsdelivr.net/gh/extent-framework/extent-github-cdn@b00a2d0486596e73dd7326beacf352c639623a0e/commons/img/logo.png">
<link href="https://cdn.jsdelivr.net/gh/extent-framework/extent-github-cdn@d6562a79075e061305ccfdb82f01e5e195e2d307/spark/css/spark-style.css" rel="stylesheet" />
<link href="https://stackpath.bootstrapcdn.com/font-awesome/4.7.0/css/font-awesome.min.css" rel="stylesheet">
<script src="https://cdn.jsdelivr.net/gh/extent-framework/extent-github-cdn@7cc78ce/spark/js/jsontree.js"></script>
<style type="text/css"></style></head><body class="spa bdd-report standard">
  <div class="app">
    <div class="layout">
<div class="header navbar">
<div class="vheader">
<div class="nav-logo">
<a href="#">
<div class="logo" style="background-image: url('https://cdn.jsdelivr.net/gh/extent-framework/extent-github-cdn@b00a2d0486596e73dd7326beacf352c639623a0e/commons/img/logo.png')"></div>
</a>
</div>
<ul class="nav-left">
<li class="search-box">
<a class="search-toggle" href="#">
<i class="search-icon fa fa-search"></i>
<i class="search-icon-close fa fa-close"></i>
</a>
</li>
<li class="search-input"><input id="search-tests" class="form-control" type="text" placeholder="Search..."></li>
</ul>
<ul class="nav-right">
<li class="m-r-10">
<a href="#"><span class="badge badge-primary"></span></a>
</li>
<li class="m-r-10">
<a href="#"><span class="badge badge-primary">Sep 15, 2023 01:52:04 PM</span></a>
</li>
</ul>
</div>
</div><div class="side-nav">
<div class="side-nav-inner">
<ul class="side-nav-menu">
<li class="nav-item dropdown" onclick="toggleView('test-view')">
<a id="nav-test" class="dropdown-toggle" href="#">
<span class="ico"><i class="fa fa-list"></i></span>
</a>
</li>
<li class="nav-item dropdown" onclick="toggleView('exception-view')">
<a id="nav-exception" class="dropdown-toggle" href="#">
<span class="ico"><i class="fa fa-bug"></i></span>
</a>
</li>
<li class="nav-item dropdown" onclick="toggleView('category-view')">
<a id="nav-category" class="dropdown-toggle" href="#">
<span class="ico"><i class="fa fa-tag"></i></span>
</a>
</li>
<li class="nav-item dropdown" onclick="toggleView('dashboard-view')">
<a id="nav-dashboard" class="dropdown-toggle" href="#">
<span class="ico"><i class="fa fa-bar-chart"></i></span>
</a>
</li>
</ul>
</div>
</div>      <div class="vcontainer">
        <div class="main-content">
<div class="test-wrapper row view test-view">
  <div class="test-list">
    <div class="test-list-tools">
<ul class="tools pull-left">
<li><a href="#"><span class="font-size-14">Tests</span></a></li>
</ul>
<ul class="tools text-right">
<li class="dropdown">
<a href="#" class="dropdown-toggle" data-toggle="dropdown"><i class="fa fa-exclamation-circle"></i></a>
<ul id="status-toggle" class="dropdown-menu dropdown-md p-v-0">
<a class="dropdown-item" status="pass" href="#"><span>Pass</span><span class="status success"></span></a>
<a class="dropdown-item" status="fail" href="#"><span>Fail</span><span class="status danger"></span></a>
<div class="dropdown-divider"></div>
<a status="clear" class="dropdown-item" href="#"><span>Clear</span><span class="pull-right"><i class="fa fa-close"></i></span></a>
</ul>
</li>
<li class="dropdown">
<a href="#" class="dropdown-toggle" data-toggle="dropdown"><i class="fa fa-tag"></i></a>
<ul id="tag-toggle" class="dropdown-menu dropdown-md p-v-0">
<a class="dropdown-item" href="#">@Test</a>
</ul>
</li>
</ul>
</div>    <div class="test-list-wrapper scrollable">
      <ul class="test-list-item">
        <li class="test-item"  status="fail" test-id="1"
          author=""
          tag=""
          device="">
          <div class="test-detail">
            <p class="name">Verify selenium easy simple form demo page features</p>
            <p class="text-sm">
              <span>1:52:06 PM</span> / <span>00:01:46:134</span>
              <span class="badge fail-bg log float-right">Fail</span>
            </p>
          </div>
          <div class="test-contents d-none">
<div class="detail-head">
<div class="p-v-10">
<div class="info">
<h5 class="test-status text-fail">Verify selenium easy simple form demo page features</h5>
<span class='badge badge-success'>09.15.2023 1:52:06 PM</span>
<span class='badge badge-danger'>09.15.2023 1:53:52 PM</span>
<span class='badge badge-default'>00:01:46:134</span>
&middot; <span class='uri-anchor badge badge-default'>#test-id=1</span>
<span class='badge badge-default pointer float-right ml-1 et'><i class="fa fa-chevron-down"></i></span>
<span class='badge badge-default pointer float-right ct'><i class="fa fa-chevron-up"></i></span>
</div>
<div class="m-t-10 m-l-5"></div>
</div>
</div>
<div class="accordion mt-4">
  <div class="card">
    <div class="card-header" role="tab">
      <div class="card-title">
        <div class="node" id="2"><span class="badge log fail-bg mr-2">Fail</span>Verify two input fild in selenium easy simple form demo page features</div>
      </div>
    </div>
        <div class="scenario_outline ">
            <div class="card-body l1">
              <div class="card-header">
                <div class="card-title outline-child">
                  <div class="node" id="3"><span class="badge log fail-bg mr-2">Fail</span>Verify two input fild in selenium easy simple form demo page features</div>
                </div>
              </div>
              <div class="card-body mt-3 ">
                  <div class="step pass-bg">
                    <span>Given I navigate to the "http://demo.seleniumeasy.com/" page</span>
      <div>
      </div>
                  </div>
                  <div class="step pass-bg">
                    <span>And user is on selenium easy homePage verifying page title</span>
      <div>
      </div>
                  </div>
                  <div class="step pass-bg">
                    <span>When user navigate to Simple Form Demo page</span>
      <div>
      </div>
                  </div>
                  <div class="step fail-bg">
                    <span>And user verifys simple form demo page title</span>
      <div>
        <textarea disabled class="code-block">org.openqa.selenium.WebDriverException: disconnected: not connected to DevTools
  (failed to check if window was closed: disconnected: not connected to DevTools)
  (Session info: MicrosoftEdge=116.0.1938.81)
Build info: version: '4.11.0', revision: '040bc5406b'
System info: os.name: 'Windows 10', os.arch: 'amd64', os.version: '10.0', java.version: '11.0.2'
Driver info: org.openqa.selenium.edge.EdgeDriver
Command: [af5f08fe7ed14f88e73cf1b4a50cd77a, getTitle {}]
Capabilities {acceptInsecureCerts: false, browserName: msedge, browserVersion: 116.0.1938.81, fedcm:accounts: true, ms:edgeOptions: {debuggerAddress: localhost:52821}, msedge: {msedgedriverVersion: 116.0.1938.54 (e584466f74bf..., userDataDir: C:\Users\2457221\AppData\Lo...}, networkConnectionEnabled: false, pageLoadStrategy: normal, platformName: windows, proxy: Proxy(), se:cdp: ws://localhost:52821/devtoo..., se:cdpVersion: 116.0.1938.81, setWindowRect: true, strictFileInteractability: false, timeouts: {implicit: 0, pageLoad: 300000, script: 30000}, unhandledPromptBehavior: dismiss and notify, webauthn:extension:credBlob: true, webauthn:extension:largeBlob: true, webauthn:extension:minPinLength: true, webauthn:extension:prf: true, webauthn:virtualAuthenticators: true}
Session ID: af5f08fe7ed14f88e73cf1b4a50cd77a
	at java.base/jdk.internal.reflect.NativeConstructorAccessorImpl.newInstance0(Native Method)
	at java.base/jdk.internal.reflect.NativeConstructorAccessorImpl.newInstance(NativeConstructorAccessorImpl.java:62)
	at java.base/jdk.internal.reflect.DelegatingConstructorAccessorImpl.newInstance(DelegatingConstructorAccessorImpl.java:45)
	at java.base/java.lang.reflect.Constructor.newInstance(Constructor.java:490)
	at org.openqa.selenium.remote.codec.w3c.W3CHttpResponseCodec.createException(W3CHttpResponseCodec.java:200)
	at org.openqa.selenium.remote.codec.w3c.W3CHttpResponseCodec.decode(W3CHttpResponseCodec.java:133)
	at org.openqa.selenium.remote.codec.w3c.W3CHttpResponseCodec.decode(W3CHttpResponseCodec.java:52)
	at org.openqa.selenium.remote.HttpCommandExecutor.execute(HttpCommandExecutor.java:191)
	at org.openqa.selenium.remote.service.DriverCommandExecutor.invokeExecute(DriverCommandExecutor.java:196)
	at org.openqa.selenium.remote.service.DriverCommandExecutor.execute(DriverCommandExecutor.java:171)
	at org.openqa.selenium.remote.RemoteWebDriver.execute(RemoteWebDriver.java:518)
	at org.openqa.selenium.remote.RemoteWebDriver.execute(RemoteWebDriver.java:591)
	at org.openqa.selenium.remote.RemoteWebDriver.execute(RemoteWebDriver.java:595)
	at org.openqa.selenium.remote.RemoteWebDriver.getTitle(RemoteWebDriver.java:305)
	at actions.ActionPage.GetTitle(ActionPage.java:49)
	at pages.SimpleFormDemo.getTitle(SimpleFormDemo.java:31)
	at steps.SeleniumEasySimpleFormDemoSteps.user_verifys_simple_form_demo_page_title(SeleniumEasySimpleFormDemoSteps.java:23)
	at ?.user verifys simple form demo page title(file:///C:/Users/2457221/eclipse-workspace/Framework-selenium-java-testng2/src/test/resources/Features/SeleniumEasySimpleFormDemoPage.feature:7)
</textarea>
      
      </div>
                  </div>
                  <div class="step skip-bg">
                    <span>Then user enters 10 and 15 in two input field text box</span>
      <div>Step skipped
      </div>
                  </div>
                  <div class="step skip-bg">
                    <span>And user clicks on two input field get total button</span>
      <div>Step skipped
      </div>
                  </div>
                  <div class="step skip-bg">
                    <span>And user verifys two input field total message is equal to "25"</span>
      <div>Step skipped
      </div>
                  </div>
              </div>
            </div>
            <div class="card-body l1">
              <div class="card-header">
                <div class="card-title outline-child">
                  <div class="node" id="8"><span class="badge log fail-bg mr-2">Fail</span>Verify two input fild in selenium easy simple form demo page features</div>
                </div>
              </div>
              <div class="card-body mt-3 ">
                  <div class="step pass-bg">
                    <span>Given I navigate to the "http://demo.seleniumeasy.com/" page</span>
      <div>
      </div>
                  </div>
                  <div class="step fail-bg">
                    <span>And user is on selenium easy homePage verifying page title</span>
      <div>
        <textarea disabled class="code-block">org.openqa.selenium.WebDriverException: disconnected: not connected to DevTools
  (failed to check if window was closed: disconnected: not connected to DevTools)
  (Session info: MicrosoftEdge=116.0.1938.81)
Build info: version: '4.11.0', revision: '040bc5406b'
System info: os.name: 'Windows 10', os.arch: 'amd64', os.version: '10.0', java.version: '11.0.2'
Driver info: org.openqa.selenium.edge.EdgeDriver
Command: [55a104c690ecc98c8ecc4cb8a8a6d554, getTitle {}]
Capabilities {acceptInsecureCerts: false, browserName: msedge, browserVersion: 116.0.1938.81, fedcm:accounts: true, ms:edgeOptions: {debuggerAddress: localhost:52818}, msedge: {msedgedriverVersion: 116.0.1938.54 (e584466f74bf..., userDataDir: C:\Users\2457221\AppData\Lo...}, networkConnectionEnabled: false, pageLoadStrategy: normal, platformName: windows, proxy: Proxy(), se:cdp: ws://localhost:52818/devtoo..., se:cdpVersion: 116.0.1938.81, setWindowRect: true, strictFileInteractability: false, timeouts: {implicit: 0, pageLoad: 300000, script: 30000}, unhandledPromptBehavior: dismiss and notify, webauthn:extension:credBlob: true, webauthn:extension:largeBlob: true, webauthn:extension:minPinLength: true, webauthn:extension:prf: true, webauthn:virtualAuthenticators: true}
Session ID: 55a104c690ecc98c8ecc4cb8a8a6d554
	at java.base/jdk.internal.reflect.NativeConstructorAccessorImpl.newInstance0(Native Method)
	at java.base/jdk.internal.reflect.NativeConstructorAccessorImpl.newInstance(NativeConstructorAccessorImpl.java:62)
	at java.base/jdk.internal.reflect.DelegatingConstructorAccessorImpl.newInstance(DelegatingConstructorAccessorImpl.java:45)
	at java.base/java.lang.reflect.Constructor.newInstance(Constructor.java:490)
	at org.openqa.selenium.remote.codec.w3c.W3CHttpResponseCodec.createException(W3CHttpResponseCodec.java:200)
	at org.openqa.selenium.remote.codec.w3c.W3CHttpResponseCodec.decode(W3CHttpResponseCodec.java:133)
	at org.openqa.selenium.remote.codec.w3c.W3CHttpResponseCodec.decode(W3CHttpResponseCodec.java:52)
	at org.openqa.selenium.remote.HttpCommandExecutor.execute(HttpCommandExecutor.java:191)
	at org.openqa.selenium.remote.service.DriverCommandExecutor.invokeExecute(DriverCommandExecutor.java:196)
	at org.openqa.selenium.remote.service.DriverCommandExecutor.execute(DriverCommandExecutor.java:171)
	at org.openqa.selenium.remote.RemoteWebDriver.execute(RemoteWebDriver.java:518)
	at org.openqa.selenium.remote.RemoteWebDriver.execute(RemoteWebDriver.java:591)
	at org.openqa.selenium.remote.RemoteWebDriver.execute(RemoteWebDriver.java:595)
	at org.openqa.selenium.remote.RemoteWebDriver.getTitle(RemoteWebDriver.java:305)
	at actions.ActionPage.GetTitle(ActionPage.java:49)
	at pages.HomePage.getTitle(HomePage.java:16)
	at steps.SeleniumEasyHomePageSteps.user_is_on_selenium_easy_home_page_verifying_page_title(SeleniumEasyHomePageSteps.java:21)
	at ?.user is on selenium easy homePage verifying page title(file:///C:/Users/2457221/eclipse-workspace/Framework-selenium-java-testng2/src/test/resources/Features/SeleniumEasySimpleFormDemoPage.feature:5)
</textarea>
      
      </div>
                  </div>
                  <div class="step skip-bg">
                    <span>When user navigate to Simple Form Demo page</span>
      <div>Step skipped
      </div>
                  </div>
                  <div class="step skip-bg">
                    <span>And user verifys simple form demo page title</span>
      <div>Step skipped
      </div>
                  </div>
                  <div class="step skip-bg">
                    <span>Then user enters 5845 and 3783 in two input field text box</span>
      <div>Step skipped
      </div>
                  </div>
                  <div class="step skip-bg">
                    <span>And user clicks on two input field get total button</span>
      <div>Step skipped
      </div>
                  </div>
                  <div class="step skip-bg">
                    <span>And user verifys two input field total message is equal to "9628"</span>
      <div>Step skipped
      </div>
                  </div>
              </div>
            </div>
        </div>
  </div>
  <div class="card">
    <div class="card-header" role="tab">
      <div class="card-title">
        <div class="node" id="9"><span class="badge log fail-bg mr-2">Fail</span>Verify single input fild in selenium easy simple form demo page features</div>
      </div>
    </div>
        <div class="">
          <div class="card-body">
              <div class="step pass-bg" title="steps.NavigationSteps.iNavigateToThePage(java.lang.String)">
                <span>Given I navigate to the "http://demo.seleniumeasy.com/" page</span>
      <div>
      </div>
              </div>
              <div class="step pass-bg" title="steps.SeleniumEasyHomePageSteps.user_is_on_selenium_easy_home_page_verifying_page_title()">
                <span>And user is on selenium easy homePage verifying page title</span>
      <div>
      </div>
              </div>
              <div class="step pass-bg" title="steps.SeleniumEasyHomePageSteps.user_navigate_to_Simple_Form_Demo_page()">
                <span>When user navigate to Simple Form Demo page</span>
      <div>
      </div>
              </div>
              <div class="step pass-bg" title="steps.SeleniumEasySimpleFormDemoSteps.user_verifys_simple_form_demo_page_title()">
                <span>And user verifys simple form demo page title</span>
      <div>
      </div>
              </div>
              <div class="step pass-bg" title="steps.SeleniumEasySimpleFormDemoSteps.user_enters_in_single_input_field_text_box(java.lang.String)">
                <span>Then user enters "TCS" in single input field text box</span>
      <div>
      </div>
              </div>
              <div class="step pass-bg" title="steps.SeleniumEasySimpleFormDemoSteps.user_clicks_on_single_input_field_show_message_button()">
                <span>And user clicks on single input field show message button</span>
      <div>
      </div>
              </div>
              <div class="step pass-bg" title="steps.SeleniumEasySimpleFormDemoSteps.user_verifys_single_input_field_sucess_message_is_equal_to(java.lang.String)">
                <span>And user verifys single input field sucess message is equal to "TCS"</span>
      <div>
      </div>
              </div>
              <div class="step fail-bg" title="AFTER">
                <span>utils.HooksUtils.after()</span>
      <div>
        <textarea disabled class="code-block">java.lang.AssertionError: Drive quit giving Exception
	at utils.HooksUtils.after(HooksUtils.java:27)
Caused by: org.openqa.selenium.WebDriverException: Timed out waiting for driver server to stop.
Build info: version: '4.11.0', revision: '040bc5406b'
System info: os.name: 'Windows 10', os.arch: 'amd64', os.version: '10.0', java.version: '11.0.2'
Driver info: org.openqa.selenium.edge.EdgeDriver
Command: [4452f3c72620e4b578a1f1e16debab69, quit {}]
Capabilities {acceptInsecureCerts: false, browserName: msedge, browserVersion: 116.0.1938.81, fedcm:accounts: true, ms:edgeOptions: {debuggerAddress: localhost:52790}, msedge: {msedgedriverVersion: 116.0.1938.54 (e584466f74bf..., userDataDir: C:\Users\2457221\AppData\Lo...}, networkConnectionEnabled: false, pageLoadStrategy: normal, platformName: windows, proxy: Proxy(), se:cdp: ws://localhost:52790/devtoo..., se:cdpVersion: 116.0.1938.81, setWindowRect: true, strictFileInteractability: false, timeouts: {implicit: 0, pageLoad: 300000, script: 30000}, unhandledPromptBehavior: dismiss and notify, webauthn:extension:credBlob: true, webauthn:extension:largeBlob: true, webauthn:extension:minPinLength: true, webauthn:extension:prf: true, webauthn:virtualAuthenticators: true}
Session ID: 4452f3c72620e4b578a1f1e16debab69
	at org.openqa.selenium.remote.service.DriverCommandExecutor.execute(DriverCommandExecutor.java:161)
	at org.openqa.selenium.remote.RemoteWebDriver.execute(RemoteWebDriver.java:518)
	at org.openqa.selenium.remote.RemoteWebDriver.execute(RemoteWebDriver.java:591)
	at org.openqa.selenium.remote.RemoteWebDriver.execute(RemoteWebDriver.java:595)
	at org.openqa.selenium.remote.RemoteWebDriver.quit(RemoteWebDriver.java:433)
	at org.openqa.selenium.chromium.ChromiumDriver.quit(ChromiumDriver.java:351)
	at utils.HooksUtils.after(HooksUtils.java:25)
	at java.base/jdk.internal.reflect.NativeMethodAccessorImpl.invoke0(Native Method)
	at java.base/jdk.internal.reflect.NativeMethodAccessorImpl.invoke(NativeMethodAccessorImpl.java:62)
	at java.base/jdk.internal.reflect.DelegatingMethodAccessorImpl.invoke(DelegatingMethodAccessorImpl.java:43)
	at java.base/java.lang.reflect.Method.invoke(Method.java:566)
	at io.cucumber.java.Invoker.doInvoke(Invoker.java:66)
	at io.cucumber.java.Invoker.invoke(Invoker.java:24)
	at io.cucumber.java.AbstractGlueDefinition.invokeMethod(AbstractGlueDefinition.java:47)
	at io.cucumber.java.JavaHookDefinition.execute(JavaHookDefinition.java:64)
	at io.cucumber.core.runner.CoreHookDefinition.execute(CoreHookDefinition.java:46)
	at io.cucumber.core.runner.HookDefinitionMatch.runStep(HookDefinitionMatch.java:21)
	at io.cucumber.core.runner.ExecutionMode$1.execute(ExecutionMode.java:10)
	at io.cucumber.core.runner.TestStep.executeStep(TestStep.java:84)
	at io.cucumber.core.runner.TestStep.run(TestStep.java:56)
	at io.cucumber.core.runner.TestCase.run(TestCase.java:90)
	at io.cucumber.core.runner.Runner.runPickle(Runner.java:75)
	at io.cucumber.testng.TestNGCucumberRunner.lambda$runScenario$1(TestNGCucumberRunner.java:132)
	at io.cucumber.core.runtime.CucumberExecutionContext.lambda$runTestCase$5(CucumberExecutionContext.java:137)
	at io.cucumber.core.runtime.RethrowingThrowableCollector.executeAndThrow(RethrowingThrowableCollector.java:23)
	at io.cucumber.core.runtime.CucumberExecutionContext.runTestCase(CucumberExecutionContext.java:137)
	at io.cucumber.testng.TestNGCucumberRunner.runScenario(TestNGCucumberRunner.java:129)
	at io.cucumber.testng.AbstractTestNGCucumberTests.runScenario(AbstractTestNGCucumberTests.java:35)
	at java.base/jdk.internal.reflect.NativeMethodAccessorImpl.invoke0(Native Method)
	at java.base/jdk.internal.reflect.NativeMethodAccessorImpl.invoke(NativeMethodAccessorImpl.java:62)
	at java.base/jdk.internal.reflect.DelegatingMethodAccessorImpl.invoke(DelegatingMethodAccessorImpl.java:43)
	at java.base/java.lang.reflect.Method.invoke(Method.java:566)
	at org.testng.internal.MethodInvocationHelper.invokeMethod(MethodInvocationHelper.java:133)
	at org.testng.internal.TestInvoker.invokeMethod(TestInvoker.java:598)
	at org.testng.internal.TestInvoker.invokeTestMethod(TestInvoker.java:173)
	at org.testng.internal.TestMethodWithDataProviderMethodWorker.call(TestMethodWithDataProviderMethodWorker.java:77)
	at org.testng.internal.TestMethodWithDataProviderMethodWorker.call(TestMethodWithDataProviderMethodWorker.java:15)
	at java.base/java.util.concurrent.FutureTask.run(FutureTask.java:264)
	at java.base/java.util.concurrent.Executors$RunnableAdapter.call(Executors.java:515)
	at java.base/java.util.concurrent.FutureTask.run(FutureTask.java:264)
	at java.base/java.util.concurrent.ThreadPoolExecutor.runWorker(ThreadPoolExecutor.java:1128)
	at java.base/java.util.concurrent.ThreadPoolExecutor$Worker.run(ThreadPoolExecutor.java:628)
	at java.base/java.lang.Thread.run(Thread.java:834)
Caused by: java.util.concurrent.ExecutionException: org.openqa.selenium.TimeoutException: Process timed out after waiting for 20000 ms.
Build info: version: '4.11.0', revision: '040bc5406b'
System info: os.name: 'Windows 10', os.arch: 'amd64', os.version: '10.0', java.version: '11.0.2'
Driver info: driver.version: unknown
	at java.base/java.util.concurrent.CompletableFuture.reportGet(CompletableFuture.java:395)
	at java.base/java.util.concurrent.CompletableFuture.get(CompletableFuture.java:2022)
	at org.openqa.selenium.remote.service.DriverCommandExecutor.execute(DriverCommandExecutor.java:157)
	... 42 more
Caused by: org.openqa.selenium.TimeoutException: Process timed out after waiting for 20000 ms.
Build info: version: '4.11.0', revision: '040bc5406b'
System info: os.name: 'Windows 10', os.arch: 'amd64', os.version: '10.0', java.version: '11.0.2'
Driver info: driver.version: unknown
	at org.openqa.selenium.os.OsProcess.waitFor(OsProcess.java:183)
	at org.openqa.selenium.os.CommandLine.waitFor(CommandLine.java:117)
	at org.openqa.selenium.remote.service.DriverCommandExecutor.lambda$execute$2(DriverCommandExecutor.java:148)
	at java.base/java.util.concurrent.CompletableFuture$AsyncSupply.run(CompletableFuture.java:1700)
	... 3 more
</textarea>
      
      </div>
              </div>
          </div>
        </div>
  </div>
</div>
          </div>
        </li>
        <li class="test-item"  status="fail" test-id="4"
          author=""
          tag=""
          device="">
          <div class="test-detail">
            <p class="name">Verify selenium easy range slider page features</p>
            <p class="text-sm">
              <span>1:52:06 PM</span> / <span>00:01:24:277</span>
              <span class="badge fail-bg log float-right">Fail</span>
            </p>
          </div>
          <div class="test-contents d-none">
<div class="detail-head">
<div class="p-v-10">
<div class="info">
<h5 class="test-status text-fail">Verify selenium easy range slider page features</h5>
<span class='badge badge-success'>09.15.2023 1:52:06 PM</span>
<span class='badge badge-danger'>09.15.2023 1:53:30 PM</span>
<span class='badge badge-default'>00:01:24:277</span>
&middot; <span class='uri-anchor badge badge-default'>#test-id=4</span>
<span class='badge badge-default pointer float-right ml-1 et'><i class="fa fa-chevron-down"></i></span>
<span class='badge badge-default pointer float-right ct'><i class="fa fa-chevron-up"></i></span>
</div>
<div class="m-t-10 m-l-5"></div>
</div>
</div>
<div class="accordion mt-4">
  <div class="card">
    <div class="card-header" role="tab">
      <div class="card-title">
        <div class="node" id="5"><span class="badge log fail-bg mr-2">Fail</span>Verify selenium easy range slider page features</div>
      </div>
    </div>
        <div class="">
          <div class="card-body">
              <div class="step pass-bg" title="steps.NavigationSteps.iNavigateToThePage(java.lang.String)">
                <span>Given I navigate to the "http://demo.seleniumeasy.com/" page</span>
      <div>
      </div>
              </div>
              <div class="step pass-bg" title="steps.SeleniumEasyHomePageSteps.user_is_on_selenium_easy_home_page_verifying_page_title()">
                <span>And user is on selenium easy homePage verifying page title</span>
      <div>
      </div>
              </div>
              <div class="step pass-bg" title="steps.SeleniumEasyHomePageSteps.user_navigate_to_range_sliderPage()">
                <span>And user navigate to range slider page</span>
      <div>
      </div>
              </div>
              <div class="step pass-bg" title="steps.SeleniumEasyRangeSliderSteps.user_verifys_range_slider_page_title()">
                <span>And user verifys range slider page title</span>
      <div>
      </div>
              </div>
              <div class="step pass-bg" title="steps.SeleniumEasyRangeSliderSteps.user_drages_slider_from_position(java.lang.Integer,java.lang.Integer)">
                <span>When user drages slider from position 0 to 50</span>
      <div>
      </div>
              </div>
              <div class="step pass-bg" title="steps.SeleniumEasyRangeSliderSteps.user_verifys_range_slider_position(java.lang.String)">
                <span>Then user verifys range slider position "50"</span>
      <div>
      </div>
              </div>
              <div class="step fail-bg" title="AFTER">
                <span>utils.HooksUtils.after()</span>
      <div>
        <textarea disabled class="code-block">java.lang.AssertionError: Drive quit giving Exception
	at utils.HooksUtils.after(HooksUtils.java:27)
Caused by: org.openqa.selenium.WebDriverException: Timed out waiting for driver server to stop.
Build info: version: '4.11.0', revision: '040bc5406b'
System info: os.name: 'Windows 10', os.arch: 'amd64', os.version: '10.0', java.version: '11.0.2'
Driver info: org.openqa.selenium.edge.EdgeDriver
Command: [e6cb7dab8c58aeec0624709f463b4b9e, quit {}]
Capabilities {acceptInsecureCerts: false, browserName: msedge, browserVersion: 116.0.1938.81, fedcm:accounts: true, ms:edgeOptions: {debuggerAddress: localhost:52811}, msedge: {msedgedriverVersion: 116.0.1938.54 (e584466f74bf..., userDataDir: C:\Users\2457221\AppData\Lo...}, networkConnectionEnabled: false, pageLoadStrategy: normal, platformName: windows, proxy: Proxy(), se:cdp: ws://localhost:52811/devtoo..., se:cdpVersion: 116.0.1938.81, setWindowRect: true, strictFileInteractability: false, timeouts: {implicit: 0, pageLoad: 300000, script: 30000}, unhandledPromptBehavior: dismiss and notify, webauthn:extension:credBlob: true, webauthn:extension:largeBlob: true, webauthn:extension:minPinLength: true, webauthn:extension:prf: true, webauthn:virtualAuthenticators: true}
Session ID: e6cb7dab8c58aeec0624709f463b4b9e
	at org.openqa.selenium.remote.service.DriverCommandExecutor.execute(DriverCommandExecutor.java:161)
	at org.openqa.selenium.remote.RemoteWebDriver.execute(RemoteWebDriver.java:518)
	at org.openqa.selenium.remote.RemoteWebDriver.execute(RemoteWebDriver.java:591)
	at org.openqa.selenium.remote.RemoteWebDriver.execute(RemoteWebDriver.java:595)
	at org.openqa.selenium.remote.RemoteWebDriver.quit(RemoteWebDriver.java:433)
	at org.openqa.selenium.chromium.ChromiumDriver.quit(ChromiumDriver.java:351)
	at utils.HooksUtils.after(HooksUtils.java:25)
	at java.base/jdk.internal.reflect.NativeMethodAccessorImpl.invoke0(Native Method)
	at java.base/jdk.internal.reflect.NativeMethodAccessorImpl.invoke(NativeMethodAccessorImpl.java:62)
	at java.base/jdk.internal.reflect.DelegatingMethodAccessorImpl.invoke(DelegatingMethodAccessorImpl.java:43)
	at java.base/java.lang.reflect.Method.invoke(Method.java:566)
	at io.cucumber.java.Invoker.doInvoke(Invoker.java:66)
	at io.cucumber.java.Invoker.invoke(Invoker.java:24)
	at io.cucumber.java.AbstractGlueDefinition.invokeMethod(AbstractGlueDefinition.java:47)
	at io.cucumber.java.JavaHookDefinition.execute(JavaHookDefinition.java:64)
	at io.cucumber.core.runner.CoreHookDefinition.execute(CoreHookDefinition.java:46)
	at io.cucumber.core.runner.HookDefinitionMatch.runStep(HookDefinitionMatch.java:21)
	at io.cucumber.core.runner.ExecutionMode$1.execute(ExecutionMode.java:10)
	at io.cucumber.core.runner.TestStep.executeStep(TestStep.java:84)
	at io.cucumber.core.runner.TestStep.run(TestStep.java:56)
	at io.cucumber.core.runner.TestCase.run(TestCase.java:90)
	at io.cucumber.core.runner.Runner.runPickle(Runner.java:75)
	at io.cucumber.testng.TestNGCucumberRunner.lambda$runScenario$1(TestNGCucumberRunner.java:132)
	at io.cucumber.core.runtime.CucumberExecutionContext.lambda$runTestCase$5(CucumberExecutionContext.java:137)
	at io.cucumber.core.runtime.RethrowingThrowableCollector.executeAndThrow(RethrowingThrowableCollector.java:23)
	at io.cucumber.core.runtime.CucumberExecutionContext.runTestCase(CucumberExecutionContext.java:137)
	at io.cucumber.testng.TestNGCucumberRunner.runScenario(TestNGCucumberRunner.java:129)
	at io.cucumber.testng.AbstractTestNGCucumberTests.runScenario(AbstractTestNGCucumberTests.java:35)
	at java.base/jdk.internal.reflect.NativeMethodAccessorImpl.invoke0(Native Method)
	at java.base/jdk.internal.reflect.NativeMethodAccessorImpl.invoke(NativeMethodAccessorImpl.java:62)
	at java.base/jdk.internal.reflect.DelegatingMethodAccessorImpl.invoke(DelegatingMethodAccessorImpl.java:43)
	at java.base/java.lang.reflect.Method.invoke(Method.java:566)
	at org.testng.internal.MethodInvocationHelper.invokeMethod(MethodInvocationHelper.java:133)
	at org.testng.internal.TestInvoker.invokeMethod(TestInvoker.java:598)
	at org.testng.internal.TestInvoker.invokeTestMethod(TestInvoker.java:173)
	at org.testng.internal.TestMethodWithDataProviderMethodWorker.call(TestMethodWithDataProviderMethodWorker.java:77)
	at org.testng.internal.TestMethodWithDataProviderMethodWorker.call(TestMethodWithDataProviderMethodWorker.java:15)
	at java.base/java.util.concurrent.FutureTask.run(FutureTask.java:264)
	at java.base/java.util.concurrent.Executors$RunnableAdapter.call(Executors.java:515)
	at java.base/java.util.concurrent.FutureTask.run(FutureTask.java:264)
	at java.base/java.util.concurrent.ThreadPoolExecutor.runWorker(ThreadPoolExecutor.java:1128)
	at java.base/java.util.concurrent.ThreadPoolExecutor$Worker.run(ThreadPoolExecutor.java:628)
	at java.base/java.lang.Thread.run(Thread.java:834)
Caused by: java.util.concurrent.ExecutionException: org.openqa.selenium.TimeoutException: Process timed out after waiting for 20000 ms.
Build info: version: '4.11.0', revision: '040bc5406b'
System info: os.name: 'Windows 10', os.arch: 'amd64', os.version: '10.0', java.version: '11.0.2'
Driver info: driver.version: unknown
	at java.base/java.util.concurrent.CompletableFuture.reportGet(CompletableFuture.java:395)
	at java.base/java.util.concurrent.CompletableFuture.get(CompletableFuture.java:2022)
	at org.openqa.selenium.remote.service.DriverCommandExecutor.execute(DriverCommandExecutor.java:157)
	... 42 more
Caused by: org.openqa.selenium.TimeoutException: Process timed out after waiting for 20000 ms.
Build info: version: '4.11.0', revision: '040bc5406b'
System info: os.name: 'Windows 10', os.arch: 'amd64', os.version: '10.0', java.version: '11.0.2'
Driver info: driver.version: unknown
	at org.openqa.selenium.os.OsProcess.waitFor(OsProcess.java:183)
	at org.openqa.selenium.os.CommandLine.waitFor(CommandLine.java:117)
	at org.openqa.selenium.remote.service.DriverCommandExecutor.lambda$execute$2(DriverCommandExecutor.java:148)
	at java.base/java.util.concurrent.CompletableFuture$AsyncSupply.run(CompletableFuture.java:1700)
	... 3 more
</textarea>
      
      </div>
              </div>
          </div>
        </div>
  </div>
</div>
          </div>
        </li>
        <li class="test-item"  status="fail" test-id="6"
          author=""
          tag=""
          device="">
          <div class="test-detail">
            <p class="name">Verify selenium easy InputFormSubmitPage features</p>
            <p class="text-sm">
              <span>1:52:06 PM</span> / <span>00:01:47:060</span>
              <span class="badge fail-bg log float-right">Fail</span>
            </p>
          </div>
          <div class="test-contents d-none">
<div class="detail-head">
<div class="p-v-10">
<div class="info">
<h5 class="test-status text-fail">Verify selenium easy InputFormSubmitPage features</h5>
<span class='badge badge-success'>09.15.2023 1:52:06 PM</span>
<span class='badge badge-danger'>09.15.2023 1:53:53 PM</span>
<span class='badge badge-default'>00:01:47:060</span>
&middot; <span class='uri-anchor badge badge-default'>#test-id=6</span>
<span class='badge badge-default pointer float-right ml-1 et'><i class="fa fa-chevron-down"></i></span>
<span class='badge badge-default pointer float-right ct'><i class="fa fa-chevron-up"></i></span>
</div>
<div class="m-t-10 m-l-5"></div>
</div>
</div>
<div class="accordion mt-4">
  <div class="card">
    <div class="card-header" role="tab">
      <div class="card-title">
        <div class="node" id="7"><span class="badge log pass-bg mr-2">Pass</span>Verify error message in selenium easy input form submit page features cucumber data table</div>
      </div>
    </div>
        <div class="collapse">
          <div class="card-body">
              <div class="step pass-bg" title="steps.NavigationSteps.iNavigateToThePage(java.lang.String)">
                <span>Given I navigate to the "http://demo.seleniumeasy.com/" page</span>
      <div>
      </div>
              </div>
              <div class="step pass-bg" title="steps.SeleniumEasyHomePageSteps.user_is_on_selenium_easy_home_page_verifying_page_title()">
                <span>And user is on selenium easy homePage verifying page title</span>
      <div>
      </div>
              </div>
              <div class="step pass-bg" title="steps.SeleniumEasyHomePageSteps.user_navigate_to_input_form_submit_page()">
                <span>And user navigate to input form submit page</span>
      <div>
      </div>
              </div>
              <div class="step pass-bg" title="steps.SeleniumEasyInputFormSubmitSteps.user_verifys_input_form_submit_page_title()">
                <span>And user verifys input form submit page title</span>
      <div>
      </div>
              </div>
              <div class="step pass-bg" title="steps.SeleniumEasyInputFormSubmitSteps.user_fills_input(io.cucumber.datatable.DataTable)">
                <span>When user fills input in text box</span>
      <div><table class='markup-table table '><tr><td>fieldName</td><td>inputValue</td></tr><tr><td>First Name</td><td>M</td></tr><tr><td>Phone #</td><td>0987654321</td></tr><tr><td>Address</td><td>Street24</td></tr><tr><td>City</td><td>G-City</td></tr><tr><td>Zip Code</td><td>00000</td></tr></table>
      </div>
      <div>
      </div>
              </div>
              <div class="step pass-bg" title="steps.SeleniumEasyInputFormSubmitSteps.user_clicks_send_button()">
                <span>And user clicks send button</span>
      <div>
      </div>
              </div>
              <div class="step pass-bg" title="steps.SeleniumEasyInputFormSubmitSteps.user_verifys_if_error_message_is_visible_for_firstname_and_email_input(io.cucumber.datatable.DataTable)">
                <span>Then user verifys if error message is visible</span>
      <div><table class='markup-table table '><tr><td>ErrorMessage</td></tr><tr><td>Please enter more than 2 characters</td></tr><tr><td>Please supply your last name</td></tr><tr><td>Please supply your email address</td></tr></table>
      </div>
      <div>
      </div>
              </div>
          </div>
        </div>
  </div>
  <div class="card">
    <div class="card-header" role="tab">
      <div class="card-title">
        <div class="node" id="10"><span class="badge log pass-bg mr-2">Pass</span>Verify selenium easy input form submitPage features property file</div>
      </div>
    </div>
        <div class="collapse">
          <div class="card-body">
              <div class="step pass-bg" title="steps.NavigationSteps.iNavigateToThePage(java.lang.String)">
                <span>Given I navigate to the "http://demo.seleniumeasy.com/" page</span>
      <div>
      </div>
              </div>
              <div class="step pass-bg" title="steps.SeleniumEasyHomePageSteps.user_is_on_selenium_easy_home_page_verifying_page_title()">
                <span>And user is on selenium easy homePage verifying page title</span>
      <div>
      </div>
              </div>
              <div class="step pass-bg" title="steps.SeleniumEasyHomePageSteps.user_navigate_to_input_form_submit_page()">
                <span>And user navigate to input form submit page</span>
      <div>
      </div>
              </div>
              <div class="step pass-bg" title="steps.SeleniumEasyInputFormSubmitSteps.user_verifys_input_form_submit_page_title()">
                <span>And user verifys input form submit page title</span>
      <div>
      </div>
              </div>
              <div class="step pass-bg" title="steps.SeleniumEasyInputFormSubmitSteps.user_fills_input_text_box_from_property_file(io.cucumber.datatable.DataTable)">
                <span>When user fills input text box from property file</span>
      <div><table class='markup-table table '><tr><td>fieldName</td><td>inputValue</td></tr><tr><td>First Name</td><td>FirstName</td></tr><tr><td>Last Name</td><td>LastName</td></tr><tr><td>E-Mail</td><td>EMail</td></tr><tr><td>Phone #</td><td>Phone</td></tr><tr><td>Address</td><td>Address</td></tr><tr><td>City</td><td>City</td></tr><tr><td>Zip Code</td><td>ZipCode</td></tr></table>
      </div>
      <div>
      </div>
              </div>
              <div class="step pass-bg" title="steps.SeleniumEasyInputFormSubmitSteps.user_clicks_send_button()">
                <span>And user clicks send button</span>
      <div>
      </div>
              </div>
              <div class="step pass-bg" title="steps.SeleniumEasyInputFormSubmitSteps.user_verifys_if_input_box_are_filled()">
                <span>Then user verifys if input box are filled</span>
      <div>
      </div>
              </div>
          </div>
        </div>
  </div>
  <div class="card">
    <div class="card-header" role="tab">
      <div class="card-title">
        <div class="node" id="14"><span class="badge log pass-bg mr-2">Pass</span>Verify selenium easy input form submit page features CSV file</div>
      </div>
    </div>
        <div class="collapse">
          <div class="card-body">
              <div class="step pass-bg" title="steps.NavigationSteps.iNavigateToThePage(java.lang.String)">
                <span>Given I navigate to the "http://demo.seleniumeasy.com/" page</span>
      <div>
      </div>
              </div>
              <div class="step pass-bg" title="steps.SeleniumEasyHomePageSteps.user_is_on_selenium_easy_home_page_verifying_page_title()">
                <span>And user is on selenium easy homePage verifying page title</span>
      <div>
      </div>
              </div>
              <div class="step pass-bg" title="steps.SeleniumEasyHomePageSteps.user_navigate_to_input_form_submit_page()">
                <span>And user navigate to input form submit page</span>
      <div>
      </div>
              </div>
              <div class="step pass-bg" title="steps.SeleniumEasyInputFormSubmitSteps.user_verifys_input_form_submit_page_title()">
                <span>And user verifys input form submit page title</span>
      <div>
      </div>
              </div>
              <div class="step pass-bg" title="steps.SeleniumEasyInputFormSubmitSteps.user_fills_input_text_box_from_csv_files(io.cucumber.datatable.DataTable)">
                <span>When user fills input text box from CSV files</span>
      <div><table class='markup-table table '><tr><td>fieldName</td><td>inputValueCSV</td></tr><tr><td>First Name</td><td>FirstName</td></tr><tr><td>Last Name</td><td>LastName</td></tr><tr><td>E-Mail</td><td>EMail</td></tr><tr><td>Phone #</td><td>Phone</td></tr><tr><td>Address</td><td>Address</td></tr><tr><td>City</td><td>City</td></tr><tr><td>Zip Code</td><td>ZipCode</td></tr></table>
      </div>
      <div>
      </div>
              </div>
              <div class="step pass-bg" title="steps.SeleniumEasyInputFormSubmitSteps.user_clicks_send_button()">
                <span>And user clicks send button</span>
      <div>
      </div>
              </div>
              <div class="step pass-bg" title="steps.SeleniumEasyInputFormSubmitSteps.user_verifys_if_input_box_are_filled()">
                <span>Then user verifys if input box are filled</span>
      <div>
      </div>
              </div>
          </div>
        </div>
  </div>
  <div class="card">
    <div class="card-header" role="tab">
      <div class="card-title">
        <div class="node" id="15"><span class="badge log fail-bg mr-2">Fail</span>Verify selenium easy input form submit page features cucumber data table</div>
      </div>
    </div>
        <div class="">
          <div class="card-body">
              <div class="step pass-bg" title="steps.NavigationSteps.iNavigateToThePage(java.lang.String)">
                <span>Given I navigate to the "http://demo.seleniumeasy.com/" page</span>
      <div>
      </div>
              </div>
              <div class="step pass-bg" title="steps.SeleniumEasyHomePageSteps.user_is_on_selenium_easy_home_page_verifying_page_title()">
                <span>And user is on selenium easy homePage verifying page title</span>
      <div>
      </div>
              </div>
              <div class="step pass-bg" title="steps.SeleniumEasyHomePageSteps.user_navigate_to_input_form_submit_page()">
                <span>And user navigate to input form submit page</span>
      <div>
      </div>
              </div>
              <div class="step fail-bg" title="steps.SeleniumEasyInputFormSubmitSteps.user_verifys_input_form_submit_page_title()">
                <span>And user verifys input form submit page title</span>
      <div>
        <textarea disabled class="code-block">org.openqa.selenium.WebDriverException: disconnected: not connected to DevTools
  (failed to check if window was closed: disconnected: not connected to DevTools)
  (Session info: MicrosoftEdge=116.0.1938.81)
Build info: version: '4.11.0', revision: '040bc5406b'
System info: os.name: 'Windows 10', os.arch: 'amd64', os.version: '10.0', java.version: '11.0.2'
Driver info: org.openqa.selenium.edge.EdgeDriver
Command: [f54b848688db64027536eae53b6f4e4d, getTitle {}]
Capabilities {acceptInsecureCerts: false, browserName: msedge, browserVersion: 116.0.1938.81, fedcm:accounts: true, ms:edgeOptions: {debuggerAddress: localhost:52796}, msedge: {msedgedriverVersion: 116.0.1938.54 (e584466f74bf..., userDataDir: C:\Users\2457221\AppData\Lo...}, networkConnectionEnabled: false, pageLoadStrategy: normal, platformName: windows, proxy: Proxy(), se:cdp: ws://localhost:52796/devtoo..., se:cdpVersion: 116.0.1938.81, setWindowRect: true, strictFileInteractability: false, timeouts: {implicit: 0, pageLoad: 300000, script: 30000}, unhandledPromptBehavior: dismiss and notify, webauthn:extension:credBlob: true, webauthn:extension:largeBlob: true, webauthn:extension:minPinLength: true, webauthn:extension:prf: true, webauthn:virtualAuthenticators: true}
Session ID: f54b848688db64027536eae53b6f4e4d
	at java.base/jdk.internal.reflect.NativeConstructorAccessorImpl.newInstance0(Native Method)
	at java.base/jdk.internal.reflect.NativeConstructorAccessorImpl.newInstance(NativeConstructorAccessorImpl.java:62)
	at java.base/jdk.internal.reflect.DelegatingConstructorAccessorImpl.newInstance(DelegatingConstructorAccessorImpl.java:45)
	at java.base/java.lang.reflect.Constructor.newInstance(Constructor.java:490)
	at org.openqa.selenium.remote.codec.w3c.W3CHttpResponseCodec.createException(W3CHttpResponseCodec.java:200)
	at org.openqa.selenium.remote.codec.w3c.W3CHttpResponseCodec.decode(W3CHttpResponseCodec.java:133)
	at org.openqa.selenium.remote.codec.w3c.W3CHttpResponseCodec.decode(W3CHttpResponseCodec.java:52)
	at org.openqa.selenium.remote.HttpCommandExecutor.execute(HttpCommandExecutor.java:191)
	at org.openqa.selenium.remote.service.DriverCommandExecutor.invokeExecute(DriverCommandExecutor.java:196)
	at org.openqa.selenium.remote.service.DriverCommandExecutor.execute(DriverCommandExecutor.java:171)
	at org.openqa.selenium.remote.RemoteWebDriver.execute(RemoteWebDriver.java:518)
	at org.openqa.selenium.remote.RemoteWebDriver.execute(RemoteWebDriver.java:591)
	at org.openqa.selenium.remote.RemoteWebDriver.execute(RemoteWebDriver.java:595)
	at org.openqa.selenium.remote.RemoteWebDriver.getTitle(RemoteWebDriver.java:305)
	at actions.ActionPage.GetTitle(ActionPage.java:49)
	at pages.InputFormSubmit.getTitle(InputFormSubmit.java:46)
	at steps.SeleniumEasyInputFormSubmitSteps.user_verifys_input_form_submit_page_title(SeleniumEasyInputFormSubmitSteps.java:22)
	at ?.user verifys input form submit page title(file:///C:/Users/2457221/eclipse-workspace/Framework-selenium-java-testng2/src/test/resources/Features/SeleniumEasyInputFormSubmit.feature:7)
</textarea>
      
      </div>
              </div>
              <div class="step skip-bg" title="steps.SeleniumEasyInputFormSubmitSteps.user_fills_input(io.cucumber.datatable.DataTable)">
                <span>When user fills input in text box</span>
      <div><table class='markup-table table '><tr><td>fieldName</td><td>inputValue</td></tr><tr><td>First Name</td><td>Muhammad</td></tr><tr><td>Last Name</td><td>Ali</td></tr><tr><td>E-Mail</td><td>Muhammad@abc.com</td></tr><tr><td>Phone #</td><td>0987654321</td></tr><tr><td>Address</td><td>Street24</td></tr><tr><td>City</td><td>G-City</td></tr><tr><td>Zip Code</td><td>00000</td></tr></table>
      </div>
      <div>Step skipped
      </div>
              </div>
              <div class="step skip-bg" title="steps.SeleniumEasyInputFormSubmitSteps.user_clicks_send_button()">
                <span>And user clicks send button</span>
      <div>Step skipped
      </div>
              </div>
              <div class="step skip-bg" title="steps.SeleniumEasyInputFormSubmitSteps.user_verifys_if_input_box_are_filled()">
                <span>Then user verifys if input box are filled</span>
      <div>Step skipped
      </div>
              </div>
          </div>
        </div>
  </div>
</div>
          </div>
        </li>
        <li class="test-item"  status="pass" test-id="11"
          author=""
          tag=""
          device="">
          <div class="test-detail">
            <p class="name">Verify selenium easy radio buttons page features</p>
            <p class="text-sm">
              <span>1:52:06 PM</span> / <span>00:01:48:581</span>
              <span class="badge pass-bg log float-right">Pass</span>
            </p>
          </div>
          <div class="test-contents d-none">
<div class="detail-head">
<div class="p-v-10">
<div class="info">
<h5 class="test-status text-pass">Verify selenium easy radio buttons page features</h5>
<span class='badge badge-success'>09.15.2023 1:52:06 PM</span>
<span class='badge badge-danger'>09.15.2023 1:53:55 PM</span>
<span class='badge badge-default'>00:01:48:581</span>
&middot; <span class='uri-anchor badge badge-default'>#test-id=11</span>
<span class='badge badge-default pointer float-right ml-1 et'><i class="fa fa-chevron-down"></i></span>
<span class='badge badge-default pointer float-right ct'><i class="fa fa-chevron-up"></i></span>
</div>
<div class="m-t-10 m-l-5"></div>
</div>
</div>
<div class="accordion mt-4">
  <div class="card">
    <div class="card-header" role="tab">
      <div class="card-title">
        <div class="node" id="12"><span class="badge log pass-bg mr-2">Pass</span>Verify selenium easy radio buttons page features</div>
      </div>
    </div>
        <div class="scenario_outline collapse">
            <div class="card-body l1">
              <div class="card-header">
                <div class="card-title outline-child">
                  <div class="node" id="13"><span class="badge log pass-bg mr-2">Pass</span>Verify selenium easy radio buttons page features</div>
                </div>
              </div>
              <div class="card-body mt-3 collapse">
                  <div class="step pass-bg">
                    <span>Given I navigate to the "http://demo.seleniumeasy.com/" page</span>
      <div>
      </div>
                  </div>
                  <div class="step pass-bg">
                    <span>And user is on selenium easy homePage verifying page title</span>
      <div>
      </div>
                  </div>
                  <div class="step pass-bg">
                    <span>And user navigate to radio buttons page</span>
      <div>
      </div>
                  </div>
                  <div class="step pass-bg">
                    <span>And user verifys radio buttons page title</span>
      <div>
      </div>
                  </div>
                  <div class="step pass-bg">
                    <span>When user clicks "0 - 5" and "Male" in radio buttons page</span>
      <div>
      </div>
                  </div>
                  <div class="step pass-bg">
                    <span>And user clicks on get value button</span>
      <div>
      </div>
                  </div>
                  <div class="step pass-bg">
                    <span>Then user verifys "Sex : Male" and "Age group: 0 - 5"</span>
      <div>
      </div>
                  </div>
              </div>
            </div>
        </div>
  </div>
</div>
          </div>
        </li>
      </ul>
    </div>
  </div>
<div class="test-content scrollable">
<div class="test-content-tools">
<ul><li><a class="back-to-test" href="#"><i class="fa fa-arrow-left"></i></a></li></ul>
</div>
<div class="test-content-detail"><div class="detail-body"></div></div>
</div></div>
<div class="test-wrapper row view exception-view attributes-view">
<div class="test-list">
<div class="test-list-tools">
<ul class="tools pull-left"><li><a href=""><span class="font-size-14">Exception</span></a></li></ul>
<ul class="tools text-right"><li><a href="#"><span class="badge badge-primary">2</span></a></li></ul>
</div>
<div class="test-list-wrapper scrollable">
<ul class="test-list-item">
<li class="test-item">
<div class="test-detail">
<span class="meta">
<span class='badge log badge-danger'>3</span>
</span>
<p class="name">org.openqa.selenium.WebDriverException</p>
<p class="duration text-sm">3 tests</p>
</div>
<div class="test-contents d-none">
<div class="info">
<h4>org.openqa.selenium.WebDriverException</h4>
<span status="fail" class='badge log badge-danger'>3 failed</span>
</div>
<table class='table table-sm mt-4'>
<thead>
<tr>
<th class="status-col">Status</th>
<th class="timestamp-col">Timestamp</th>
<th>TestName</th>
</tr>
</thead>
<tbody>
<tr class="tag-test-status" status="fail">
<td><span class="badge log fail-bg">Fail</span></td>
<td>13:53:50 PM</td>
<td>
<a href="#" class="linked" test-id='6' id='76'>And user verifys input form submit page title</a>
<div class="">
<span class="badge badge-default">Verify selenium easy InputFormSubmitPage features.Verify selenium easy input form submit page features cucumber data table.And user verifys input form submit page title</span>
</div>
</td>
</tr>
<tr class="tag-test-status" status="fail">
<td><span class="badge log fail-bg">Fail</span></td>
<td>13:53:50 PM</td>
<td>
<a href="#" class="linked" test-id='1' id='78'>And user verifys simple form demo page title</a>
<div class="">
<span class="badge badge-default">Verify selenium easy simple form demo page features.Verify two input fild in selenium easy simple form demo page features.And user verifys simple form demo page title</span>
</div>
</td>
</tr>
<tr class="tag-test-status" status="fail">
<td><span class="badge log fail-bg">Fail</span></td>
<td>13:53:50 PM</td>
<td>
<a href="#" class="linked" test-id='1' id='89'>And user is on selenium easy homePage verifying page title</a>
<div class="">
<span class="badge badge-default">Verify selenium easy simple form demo page features.Verify two input fild in selenium easy simple form demo page features.And user is on selenium easy homePage verifying page title</span>
</div>
</td>
</tr>
</tbody>
</table>
</div>
</li>
<li class="test-item">
<div class="test-detail">
<span class="meta">
<span class='badge log badge-danger'>2</span>
</span>
<p class="name">java.lang.AssertionError</p>
<p class="duration text-sm">2 tests</p>
</div>
<div class="test-contents d-none">
<div class="info">
<h4>java.lang.AssertionError</h4>
<span status="fail" class='badge log badge-danger'>2 failed</span>
</div>
<table class='table table-sm mt-4'>
<thead>
<tr>
<th class="status-col">Status</th>
<th class="timestamp-col">Timestamp</th>
<th>TestName</th>
</tr>
</thead>
<tbody>
<tr class="tag-test-status" status="fail">
<td><span class="badge log fail-bg">Fail</span></td>
<td>13:53:02 PM</td>
<td>
<a href="#" class="linked" test-id='1' id='54'>utils.HooksUtils.after()</a>
<div class="">
<span class="badge badge-default">Verify selenium easy simple form demo page features.Verify single input fild in selenium easy simple form demo page features.utils.HooksUtils.after()</span>
</div>
</td>
</tr>
<tr class="tag-test-status" status="fail">
<td><span class="badge log fail-bg">Fail</span></td>
<td>13:53:05 PM</td>
<td>
<a href="#" class="linked" test-id='4' id='56'>utils.HooksUtils.after()</a>
<div class="">
<span class="badge badge-default">Verify selenium easy range slider page features.Verify selenium easy range slider page features.utils.HooksUtils.after()</span>
</div>
</td>
</tr>
</tbody>
</table>
</div>
</li>
</ul>
</div>
</div>
<div class="test-content scrollable">
<div class="test-content-detail">
<div class="detail-body"></div>
</div>
</div>
</div><div class="test-wrapper row view category-view attributes-view">
<div class="test-list">
<div class="test-list-tools">
<ul class="tools pull-left"><li><a href=""><span class="font-size-14">Category</span></a></li></ul>
<ul class="tools text-right"><li><a href="#"><span class="badge badge-primary">1</span></a></li></ul>
</div>
<div class="test-list-wrapper scrollable">
<ul class="test-list-item">
<li class="test-item">
<div class="test-detail">
<span class="meta">
<span class='badge log pass-bg'>4</span>
<span class='badge log badge-danger'>5</span>
</span>
<p class="name">@Test</p>
<p class="duration text-sm">9 tests</p>
</div>
<div class="test-contents d-none">
<div class="info">
<h4>@Test</h4>
<span status="pass" class='badge log pass-bg'>4 passed</span>
<span status="fail" class='badge log badge-danger'>5 failed</span>
</div>
<table class='table table-sm mt-4'>
<thead>
<tr>
<th class="status-col">Status</th>
<th class="timestamp-col">Timestamp</th>
<th>TestName</th>
</tr>
</thead>
<tbody>
<tr class="tag-test-status" status="fail">
<td><span class="badge log fail-bg">Fail</span></td>
<td>13:52:06 PM</td>
<td>
<a href="#" class="linked" test-id='1' id='3'>Verify two input fild in selenium easy simple form demo page features</a>
<div class="">
<span class="badge badge-default">Verify selenium easy simple form demo page features.Verify two input fild in selenium easy simple form demo page features</span>
</div>
</td>
</tr>
<tr class="tag-test-status" status="fail">
<td><span class="badge log fail-bg">Fail</span></td>
<td>13:52:06 PM</td>
<td>
<a href="#" class="linked" test-id='4' id='5'>Verify selenium easy range slider page features</a>
<div class="">
<span class="badge badge-default">Verify selenium easy range slider page features.Verify selenium easy range slider page features</span>
</div>
</td>
</tr>
<tr class="tag-test-status" status="pass">
<td><span class="badge log pass-bg">Pass</span></td>
<td>13:52:06 PM</td>
<td>
<a href="#" class="linked" test-id='6' id='7'>Verify error message in selenium easy input form submit page features cucumber data table</a>
<div class="">
<span class="badge badge-default">Verify selenium easy InputFormSubmitPage features.Verify error message in selenium easy input form submit page features cucumber data table</span>
</div>
</td>
</tr>
<tr class="tag-test-status" status="fail">
<td><span class="badge log fail-bg">Fail</span></td>
<td>13:52:06 PM</td>
<td>
<a href="#" class="linked" test-id='1' id='8'>Verify two input fild in selenium easy simple form demo page features</a>
<div class="">
<span class="badge badge-default">Verify selenium easy simple form demo page features.Verify two input fild in selenium easy simple form demo page features</span>
</div>
</td>
</tr>
<tr class="tag-test-status" status="fail">
<td><span class="badge log fail-bg">Fail</span></td>
<td>13:52:06 PM</td>
<td>
<a href="#" class="linked" test-id='1' id='9'>Verify single input fild in selenium easy simple form demo page features</a>
<div class="">
<span class="badge badge-default">Verify selenium easy simple form demo page features.Verify single input fild in selenium easy simple form demo page features</span>
</div>
</td>
</tr>
<tr class="tag-test-status" status="pass">
<td><span class="badge log pass-bg">Pass</span></td>
<td>13:52:06 PM</td>
<td>
<a href="#" class="linked" test-id='6' id='10'>Verify selenium easy input form submitPage features property file</a>
<div class="">
<span class="badge badge-default">Verify selenium easy InputFormSubmitPage features.Verify selenium easy input form submitPage features property file</span>
</div>
</td>
</tr>
<tr class="tag-test-status" status="pass">
<td><span class="badge log pass-bg">Pass</span></td>
<td>13:52:06 PM</td>
<td>
<a href="#" class="linked" test-id='11' id='13'>Verify selenium easy radio buttons page features</a>
<div class="">
<span class="badge badge-default">Verify selenium easy radio buttons page features.Verify selenium easy radio buttons page features</span>
</div>
</td>
</tr>
<tr class="tag-test-status" status="pass">
<td><span class="badge log pass-bg">Pass</span></td>
<td>13:52:06 PM</td>
<td>
<a href="#" class="linked" test-id='6' id='14'>Verify selenium easy input form submit page features CSV file</a>
<div class="">
<span class="badge badge-default">Verify selenium easy InputFormSubmitPage features.Verify selenium easy input form submit page features CSV file</span>
</div>
</td>
</tr>
<tr class="tag-test-status" status="fail">
<td><span class="badge log fail-bg">Fail</span></td>
<td>13:52:06 PM</td>
<td>
<a href="#" class="linked" test-id='6' id='15'>Verify selenium easy input form submit page features cucumber data table</a>
<div class="">
<span class="badge badge-default">Verify selenium easy InputFormSubmitPage features.Verify selenium easy input form submit page features cucumber data table</span>
</div>
</td>
</tr>
</tbody>
</table>
</div>
</li>
</ul>
</div>
</div>
<div class="test-content scrollable">
<div class="test-content-detail">
<div class="detail-body"></div>
</div>
</div>
</div><div class="container-fluid p-4 view dashboard-view">
<div class="row">
<div class="col-md-3">
<div class="card"><div class="card-body">
<p class="m-b-0">Started</p>
<h3>Sep 15, 2023 01:52:04 PM</h3>
</div></div>
</div>
<div class="col-md-3">
<div class="card"><div class="card-body">
<p class="m-b-0">Ended</p>
<h3>Sep 15, 2023 01:53:57 PM</h3>
</div></div>
</div>
<div class="col-md-3">
<div class="card"><div class="card-body">
<p class="m-b-0 text-pass">Features Passed</p>
<h3>1</h3>
</div></div>
</div>
<div class="col-md-3">
<div class="card"><div class="card-body">
<p class="m-b-0 text-fail">Features Failed</p>
<h3>3</h3>
</div></div>
</div>
</div>
<div class="row">
<div class="col-md-4">
<div class="card">
<div class="card-header">
<h6 class="card-title">Features</h6>
</div>
<div class="card-body">
<div class="">
<canvas id='parent-analysis' width='115' height='90'></canvas>
</div>
</div>
<div class="card-footer">
<div><small data-tooltip='25%'>
<b>1</b> features passed
</small>
</div>
<div>
<small data-tooltip='75%'><b>3</b> features failed,
<b>0</b> skipped, <b data-tooltip='0%'>0</b> others
</small>
</div>
</div>
</div>
</div>
<div class="col-md-4">
<div class="card">
<div class="card-header">
<h6 class="card-title">Scenarios</h6>
</div>
<div class="card-body">
<div class="">
<canvas id='child-analysis' width='115' height='90'></canvas>
</div>
</div>
<div class="card-footer">
<div><small data-tooltip='44%'><b>4</b> scenarios passed</small></div>
<div>
<small data-tooltip='55%'><b>5</b> scenarios failed,
<b>0</b> skipped, <b data-tooltip='%'>0</b> others
</small>
</div>
</div>
</div>
</div>
<div class="col-md-4">
<div class="card">
<div class="card-header">
<h6 class="card-title">Steps</h6>
</div>
<div class="card-body">
<div class="">
<canvas id='grandchild-analysis' width='115' height='90'></canvas>
</div>
</div>
<div class="card-footer">
<div><small data-tooltip='75%'><b>48</b> steps passed</small></div>
<div>
<small data-tooltip='7%'><b>5</b> steps failed,
<b>11</b> skipped, <b data-tooltip='%'>0</b> others
</small>
</div>
</div>
</div>
</div>
</div>
<div class="row"><div class="col-md-12">
<div class="card"><div class="card-header"><p>Timeline</p></div>
<div class="card-body pt-0"><div>
<canvas id="timeline" height="120"></canvas>
</div></div>
</div>
</div></div>
<script>
var timeline = {
"Verify selenium easy simple form demo page features":106.134,"Verify selenium easy range slider page features":84.277,"Verify selenium easy InputFormSubmitPage features":107.06,"Verify selenium easy radio buttons page features":108.581
};
</script>
<div class="row">
<div class="col-lg-6 col-md-12 category-container">
<div class="card">
<div class="card-header"><p>Tags</p></div>
<div class="card-body pb-0 pt-0"><table class="table table-sm table-bordered">
<thead><tr class="bg-gray"><th>Name</th><th>Passed</th><th>Failed</th><th>Skipped</th><th>Others</th><th>Passed %</th></tr></thead><tbody>
<tr>
<td>@Test</td>
<td>4</td>
<td>5</td>
<td>0</td>
<td>0</td>
<td>44.444%</td>
</tr>
</tbody>
</table></div>
</div>
</div>
</div>
</div>
<script>
var statusGroup = {
parentCount: 5,
passParent: 1,
failParent: 3,
warningParent: 0,
skipParent: 0,
childCount: 5,
passChild: 4,
failChild: 5,
warningChild: 0,
skipChild: 0,
infoChild: 0,
grandChildCount: 5,
passGrandChild: 48,
failGrandChild: 5,
warningGrandChild: 0,
skipGrandChild: 11,
infoGrandChild: 0,
eventsCount: 5,
};
</script>        </div>
      </div>
    </div>
  </div>
<script src="https://cdn.jsdelivr.net/gh/extent-framework/extent-github-cdn@d6562a79075e061305ccfdb82f01e5e195e2d307/spark/js/spark-script.js"></script>
<script type="text/javascript"></script></body>
</html>